[2014-08-01 18:24:59.3341] [callDetailId: ] INFO:  Reading the config properties successfully  

[2014-08-01 18:24:59.5001] [callDetailId:  initializeRules ] INFO: Initialized Rules XMLcom.tsg.common.rule.TblRules@33061656

[2014-08-01 18:24:59.5001] [callDetailId:  Process Rule Expressions ] INFO:  Process Rule Expressions   Started ruleList : com.tsg.common.rule.TblRules@33061656

[2014-08-01 18:24:59.5011] [callDetailId:  Process Rule Expressions ] DEBUG:  Process Rule Expressions Stoped  

[2014-08-01 18:24:59.5281] [callDetailId: open] DEBUG: Getting DB Connection BLRIVRPRDB

[2014-08-01 18:24:59.5571] [callDetailId: open] ERROR: Exception in creating BLRIVRPRDB DB Connection : 1 time(s): Unable to start the Universal Connection Pool: oracle.ucp.UniversalConnectionPoolException: Universal Connection Pool internal error: java.security.PrivilegedActionException: javax.management.InstanceAlreadyExistsException: oracle.ucp.admin:name=UniversalConnectionPoolManagerMBean

[2014-08-01 18:24:59.5581] [callDetailId: open] DEBUG: Getting DB Connection BLRIVRSEDB

[2014-08-01 18:25:00.2421] [callDetailId: open] DEBUG: Created Database Connection Count : 4

[2014-08-01 18:25:00.2421] [callDetailId: open] DEBUG: Already Closed DB Connection

[2014-08-01 18:25:00.2431] [callDetailId: ] DEBUG:  Configuration Reader started /GCTI/apache-tomcat-7.0.42/webapps/CCT_PartnerIVR_V1.0/

[2014-08-01 18:25:00.2441] [callDetailId: ] INFO: Log Rotate timer start...

[2014-08-01 18:25:01.1531] [callDetailId: ] INFO: InsertIntoCallDetail Input = UsrANI : 9538269996 UsrDNIS : 49432201 UsrCallSessionID :8D565000-3404-B4CA-4515-8F920997B3B1;gvp.rm.datanodes=2|1;gvp.rm.tenant-id=101_CCT_PartnerIVR_V1.0 UsrCallUUID : 0252JELG9C9ST31Q7C0182LAES005OG1 CallTypeID : 0 Date : 2014-08-01 18:25:01.1521LZ_DefaultLanguage : English

[2014-08-01 18:25:01.1551] [callDetailId: ] DEBUG: Getting DB Connection BLRIVRPRDB

[2014-08-01 18:25:01.4481] [callDetailId: ] DEBUG: Created Database Connection Count : 4

[2014-08-01 18:25:01.6251] [callDetailId: 532814] DEBUG: Already Closed DB Connection

[2014-08-01 18:25:01.6251] [callDetailId: 532814] INFO: Cli : 9538269996iDNIS : 49432201UUID : 0252JELG9C9ST31Q7C0182LAES005OG1Connection Id : 0252JELG9C9ST31Q7C0182LAES005OG1Session Id : 8D565000-3404-B4CA-4515-8F920997B3B1;gvp.rm.datanodes=2|1;gvp.rm.tenant-id=101_CCT_PartnerIVR_V1.0CallType Id : 0 Time Stamp : 2014-08-01 18:25:01.1521 Call Detail ID : 532814 Call Type : 5

[2014-08-01 18:25:01.6271] [callDetailId: 532814] INFO: InsertIntoCallDetail output = NonBusinessHoursFlag : Y

[2014-08-01 18:25:01.6621] [callDetailId: 532814] DEBUG: Getting DB Connection BLRGGPRDB

[2014-08-01 18:25:01.9291] [callDetailId: 532814] DEBUG: Created Database Connection Count : 4

[2014-08-01 18:25:01.9611] [callDetailId: 532814] DEBUG: Already Closed DB Connection

[2014-08-01 18:25:01.9621] [callDetailId: 532814] INFO:  Partner Detail Mobile  Id : 9845005261 partnerType : null partnerId : null tslPrimaryLanguage : null status : null state : null zipcode : null

[2014-08-01 18:25:01.9671] [callDetailId: 532814] INFO:  Partner Mobile : 9845005261 Get Partner Detail Mobile <BA_PARTNER_TYPE></BA_PARTNER_TYPE><BA_PARTNER_ID></BA_PARTNER_ID><BA_PRIMARY_LANGUAGE></BA_PRIMARY_LANGUAGE><BA_PARTNER_ACCOUNT_STATUS></BA_PARTNER_ACCOUNT_STATUS><BA_STATE></BA_STATE><BA_PIN_CODE></BA_PIN_CODE><BA_PARTNER_REPEAT_COUNT></BA_PARTNER_REPEAT_COUNT>

[2014-08-01 18:25:01.9781] [callDetailId: 532814] INFO: Input Values dbCallDetailId : 532814 callerType :  DNIS : 49432201 state : 

[2014-08-01 18:25:01.9781] [callDetailId: 532814] INFO: DataCenter : BLR

[2014-08-01 18:25:01.9791] [callDetailId: 532814] INFO: Input for Stored Procedure Prospect : D State : null DNIS  : 49432201

[2014-08-01 18:25:01.9791] [callDetailId: 532814] DEBUG: Getting DB Connection BLRIVRPRDB

[2014-08-01 18:25:01.9821] [callDetailId: 532814] DEBUG: Created Database Connection Count : 4

[2014-08-01 18:25:01.9851] [callDetailId: 532814] INFO: OutPut telecomCircle : Andhra Pradesh langCode : 8,2,1

[2014-08-01 18:25:01.9861] [callDetailId: 532814] DEBUG: Already Closed DB Connection

[2014-08-01 18:25:01.9861] [callDetailId: 532814] INFO:  Get Telecom Circle Xml : <BA_TELECOM_CIRCLE>Andhra Pradesh</BA_TELECOM_CIRCLE><BA_LANG_CODE>8,2,1</BA_LANG_CODE>

[2014-08-01 18:25:01.9891] [callDetailId: 532814] INFO: Retrieve Caller Profile output = LZ_LanguageFromAgent:   LZ_RMNFromAgent :  LZ_TelecomCircle : Andhra Pradesh  GZ_CallFlowDetailXML : <ROOT><BA_ROOT><BA_CALLER_TYPE>NonPartner</BA_CALLER_TYPE><BA_PARTNER_TYPE></BA_PARTNER_TYPE><BA_PARTNER_ID></BA_PARTNER_ID><BA_PRIMARY_LANGUAGE></BA_PRIMARY_LANGUAGE><BA_PARTNER_ACCOUNT_STATUS></BA_PARTNER_ACCOUNT_STATUS><BA_STATE></BA_STATE><BA_PIN_CODE></BA_PIN_CODE><BA_PARTNER_REPEAT_COUNT></BA_PARTNER_REPEAT_COUNT><BA_DEFAULT_LANGUAGE>English</BA_DEFAULT_LANGUAGE><BA_TELECOM_CIRCLE>Andhra Pradesh</BA_TELECOM_CIRCLE><BA_LANG_CODE>8,2,1</BA_LANG_CODE><BA_DEFAULT_LANGUAGE>English</BA_DEFAULT_LANGUAGE></BA_ROOT><TBLCALLDETAIL><FLDCALLDETAILID>532814</FLDCALLDETAILID><FLDUUID>0252JELG9C9ST31Q7C0182LAES005OG1</FLDUUID><FLDCONNECTIONID>0252JELG9C9ST31Q7C0182LAES005OG1</FLDCONNECTIONID><FLDSESSIONID>8D565000-3404-B4CA-4515-8F920997B3B1;gvp.rm.datanodes=2|1;gvp.rm.tenant-id=101_CCT_PartnerIVR_V1.0</FLDSESSIONID><FLDCLI>9538269996</FLDCLI><FLDDNIS>49432201</FLDDNIS><FLDCALLTYPEID>0</FLDCALLTYPEID><FLDCALLSTARTTIME>2014-08-01 18:25:01.1521</FLDCALLSTARTTIME><FLDCALLENDTIME>2014-08-01 18:25:01.1521</FLDCALLENDTIME><FLDLANGUAGESELECTED></FLDLANGUAGESELECTED><FLDSUBSCRIBERID></FLDSUBSCRIBERID><FLDSUBIDLIST></FLDSUBIDLIST><FLDCALLERTYPE></FLDCALLERTYPE><FLDSUBSCRIBERSEGMENT></FLDSUBSCRIBERSEGMENT><FLDCALLDISCONNECTEDBY></FLDCALLDISCONNECTEDBY><FLDCALLDISCONNECTREASON></FLDCALLDISCONNECTREASON><FLDLASTTRAVERSEDCALLFLOWDETAILID></FLDLASTTRAVERSEDCALLFLOWDETAILID><FLDTRANSFERSTATUS></FLDTRANSFERSTATUS><FLDTRANSFERFAILUREREASON></FLDTRANSFERFAILUREREASON><FLDTRANSFERTO></FLDTRANSFERTO><FLDACCOUNTSTATUS></FLDACCOUNTSTATUS><FLDACCOUNTSUBSTATUS></FLDACCOUNTSUBSTATUS><FLDSUBIDCOUNT></FLDSUBIDCOUNT><FLDNONRMNIDENTIFIER></FLDNONRMNIDENTIFIER><FLDSUBIDVALIDATED></FLDSUBIDVALIDATED><FLDAPPID>5</FLDAPPID></TBLCALLDETAIL><CTIROOT><CTILASTMENU>0</CTILASTMENU><CTIDESK>DEF</CTIDESK><CTIVAG>BLR</CTIVAG><CTIVQ>BLR</CTIVQ></CTIROOT><TRANSACTIONROOT>0</TRANSACTIONROOT><PGTRANSACTIONROOT>0</PGTRANSACTIONROOT></ROOT>

[2014-08-01 18:25:02.6041] [callDetailId: ] INFO: Retrieve Language Details output = LZ_CurrentLanguage:  LZ_CallFlowDetailXML : <ROOT><BA_ROOT><BA_APP_LANGUAGE>en-IN</BA_APP_LANGUAGE><BA_SELECTED_LANGUAGE></BA_SELECTED_LANGUAGE><BA_CALLER_TYPE>NonPartner</BA_CALLER_TYPE><BA_PARTNER_TYPE></BA_PARTNER_TYPE><BA_PARTNER_ID></BA_PARTNER_ID><BA_PRIMARY_LANGUAGE></BA_PRIMARY_LANGUAGE><BA_PARTNER_ACCOUNT_STATUS></BA_PARTNER_ACCOUNT_STATUS><BA_STATE></BA_STATE><BA_PIN_CODE></BA_PIN_CODE><BA_PARTNER_REPEAT_COUNT></BA_PARTNER_REPEAT_COUNT><BA_DEFAULT_LANGUAGE>English</BA_DEFAULT_LANGUAGE><BA_TELECOM_CIRCLE>Andhra Pradesh</BA_TELECOM_CIRCLE><BA_LANG_CODE>8,2,1</BA_LANG_CODE><BA_DEFAULT_LANGUAGE>English</BA_DEFAULT_LANGUAGE></BA_ROOT><TBLCALLDETAIL><FLDCALLDETAILID>532814</FLDCALLDETAILID><FLDUUID>0252JELG9C9ST31Q7C0182LAES005OG1</FLDUUID><FLDCONNECTIONID>0252JELG9C9ST31Q7C0182LAES005OG1</FLDCONNECTIONID><FLDSESSIONID>8D565000-3404-B4CA-4515-8F920997B3B1;gvp.rm.datanodes=2|1;gvp.rm.tenant-id=101_CCT_PartnerIVR_V1.0</FLDSESSIONID><FLDCLI>9538269996</FLDCLI><FLDDNIS>49432201</FLDDNIS><FLDCALLTYPEID>0</FLDCALLTYPEID><FLDCALLSTARTTIME>2014-08-01 18:25:01.1521</FLDCALLSTARTTIME><FLDCALLENDTIME>2014-08-01 18:25:01.1521</FLDCALLENDTIME><FLDLANGUAGESELECTED></FLDLANGUAGESELECTED><FLDSUBSCRIBERID></FLDSUBSCRIBERID><FLDSUBIDLIST></FLDSUBIDLIST><FLDCALLERTYPE></FLDCALLERTYPE><FLDSUBSCRIBERSEGMENT></FLDSUBSCRIBERSEGMENT><FLDCALLDISCONNECTEDBY></FLDCALLDISCONNECTEDBY><FLDCALLDISCONNECTREASON></FLDCALLDISCONNECTREASON><FLDLASTTRAVERSEDCALLFLOWDETAILID></FLDLASTTRAVERSEDCALLFLOWDETAILID><FLDTRANSFERSTATUS></FLDTRANSFERSTATUS><FLDTRANSFERFAILUREREASON></FLDTRANSFERFAILUREREASON><FLDTRANSFERTO></FLDTRANSFERTO><FLDACCOUNTSTATUS></FLDACCOUNTSTATUS><FLDACCOUNTSUBSTATUS></FLDACCOUNTSUBSTATUS><FLDSUBIDCOUNT></FLDSUBIDCOUNT><FLDNONRMNIDENTIFIER></FLDNONRMNIDENTIFIER><FLDSUBIDVALIDATED></FLDSUBIDVALIDATED><FLDAPPID>5</FLDAPPID></TBLCALLDETAIL><CTIROOT><CTILASTMENU>0</CTILASTMENU><CTIDESK>DEF</CTIDESK><CTIVAG>BLR</CTIVAG><CTIVQ>BLR</CTIVQ></CTIROOT><TRANSACTIONROOT>0</TRANSACTIONROOT><PGTRANSACTIONROOT>0</PGTRANSACTIONROOT></ROOT>

[2014-08-01 18:25:02.9991] [callDetailId: ] INFO:  RetrieveWelcomeDetails Input 

[2014-08-01 18:25:03.0021] [callDetailId: ] INFO:  RetrieveWelcomeDetails Output =  LZ_TimePhase : Evening LZ_BACallerType NonPartner LZ_BABrandGreetFlag : Y LZ_BASeasonalGreetFlag : Y

[2014-08-01 18:25:03.0301] [callDetailId: 532814] INFO:  RetrieveRuleResult Input = LZ_CallFlowID : 11001 LZ_BAString : TIME_GREET_FLAG LZ_BAValueString : Evening

[2014-08-01 18:25:03.0311] [callDetailId: 532814] DEBUG:  Evaluate Call Flow Expression cfID : 11001 baArray : [Ljava.lang.String;@5df92110 baValues : [Ljava.lang.String;@ee9d1a3

[2014-08-01 18:25:03.1591] [callDetailId: 532814] DEBUG:  CallFlowID : 11001 Get Code : MS Get Action : 3,20003 Get Rule Id : 10002 Get Rule Description : n

[2014-08-01 18:25:03.1621] [callDetailId: 532814] DEBUG: Getting DB Connection BLRIVRPRDB

[2014-08-01 18:25:03.1661] [callDetailId: 532814] DEBUG: Created Database Connection Count : 4

[2014-08-01 18:25:03.1841] [callDetailId: 532814] DEBUG: Already Closed DB Connection

[2014-08-01 18:25:03.1851] [callDetailId: 532814] INFO:  strRuleActionResult[0] : MS,1003.wav,1006.wav strRuleActionResult[1] : MS,1,1

[2014-08-01 18:25:03.1861] [callDetailId: 532814] INFO:  RetrieveRuleResult Output = LZ_PromptList : 1003.wav,1006.wav LZ_RoutePoint :  LZ_CallFlowIDList : 1,1 LZ_RuleID : 10002 LZ_RuleDesc : n

[2014-08-01 18:25:03.2101] [callDetailId: 532814] INFO:  CreateDynamicCallFlow Input = LZ_CallFlowType : Prompt LZ_PromptList : 1,1 LZ_RuleID : 10002 LZ_RuleDescription : n

[2014-08-01 18:25:03.2111] [callDetailId: 532814] INFO:  CreateDynamicCallFlow Output = LZ_DynamicCallFlowXML : <CallFlow CDID="532814" RuleID="10002" RuleDesc="n"><Prompt CFID="1">1003.wav</Prompt><Prompt CFID="1">1006.wav</Prompt></CallFlow>

[2014-08-01 18:25:03.5681] [callDetailId: 532814] INFO:  RetrieveDynamicCallFlow Input = LZ_DynamicCallFlowXML : <CallFlow CDID="532814" RuleID="10002" RuleDesc="n"><Prompt CFID="1">1003.wav</Prompt><Prompt CFID="1">1006.wav</Prompt></CallFlow>

[2014-08-01 18:25:03.5691] [callDetailId: 532814] INFO:  RetrieveDynamicCallFlow Output = LZ_PromptList : 1003.wav,1006.wav LZ_MenuList :  LZ_MenuOptionList :  LZ_MenuOptionPromptList :  LZ_MenuCallFlowIDList :  LZ_CallFlowID : 1 LZ_CallFlowDateTime : 2014-08-01 18:25:03.568 LZ_RuleID : 10002 LZ_AppLanguage : en-IN LZ_RuleDescription : n

[2014-08-01 18:25:03.7221] [callDetailId: 532814] INFO:  RetrieveDynamicCallFlowResult Input = LZ_CallFlowID : 1 LZ_NoOfAttempts : 1 LZ_tempAttempts : 1 LZ_RuleID : 10002 LZ_RuleDescription : n LZ_InputValue : ,NoInput,NoInput

[2014-08-01 18:25:03.7231] [callDetailId: 532814] WARN:  RetrieveDynamicCallFlowResult For Loop Error.................... 3

[2014-08-01 18:25:03.7251] [callDetailId: 532814] INFO:  RetrieveDynamicCallFlowResult Output 

[2014-08-01 18:25:06.3251] [callDetailId: 532814] INFO:  RetrieveRuleResult Input = LZ_CallFlowID : 11002 LZ_BAString : CALLER_TYPE,BRAND_GREET_FLAG LZ_BAValueString : NonPartner,Y

[2014-08-01 18:25:06.3261] [callDetailId: 532814] DEBUG:  Evaluate Call Flow Expression cfID : 11002 baArray : [Ljava.lang.String;@5b5e53c2 baValues : [Ljava.lang.String;@dcd146b

[2014-08-01 18:25:06.3281] [callDetailId: 532814] INFO:  RetrieveRuleResult Output = LZ_PromptList :  LZ_RoutePoint :  LZ_CallFlowIDList :  LZ_RuleID :  LZ_RuleDesc : 

[2014-08-01 18:25:06.3511] [callDetailId: 532814] INFO:  RetrieveRuleResult Input = LZ_CallFlowID : 11003 LZ_BAString : CALLER_TYPE,SEASONAL_GREET_FLAG LZ_BAValueString : NonPartner,Y

[2014-08-01 18:25:06.3521] [callDetailId: 532814] DEBUG:  Evaluate Call Flow Expression cfID : 11003 baArray : [Ljava.lang.String;@37f33281 baValues : [Ljava.lang.String;@3f78cfd9

[2014-08-01 18:25:06.3541] [callDetailId: 532814] INFO:  RetrieveRuleResult Output = LZ_PromptList :  LZ_RoutePoint :  LZ_CallFlowIDList :  LZ_RuleID :  LZ_RuleDesc : 

[2014-08-01 18:25:06.6981] [callDetailId: ] ERROR:  RetrieveCallerDetails INPUT : LZ_CallFlowDetailXML : <ROOT><BA_ROOT><BA_APP_LANGUAGE>en-IN</BA_APP_LANGUAGE><BA_SELECTED_LANGUAGE></BA_SELECTED_LANGUAGE><BA_CALLER_TYPE>NonPartner</BA_CALLER_TYPE><BA_PARTNER_TYPE></BA_PARTNER_TYPE><BA_PARTNER_ID></BA_PARTNER_ID><BA_PRIMARY_LANGUAGE></BA_PRIMARY_LANGUAGE><BA_PARTNER_ACCOUNT_STATUS></BA_PARTNER_ACCOUNT_STATUS><BA_STATE></BA_STATE><BA_PIN_CODE></BA_PIN_CODE><BA_PARTNER_REPEAT_COUNT></BA_PARTNER_REPEAT_COUNT><BA_DEFAULT_LANGUAGE>English</BA_DEFAULT_LANGUAGE><BA_TELECOM_CIRCLE>Andhra Pradesh</BA_TELECOM_CIRCLE><BA_LANG_CODE>8,2,1</BA_LANG_CODE><BA_DEFAULT_LANGUAGE>English</BA_DEFAULT_LANGUAGE></BA_ROOT><TBLCALLDETAIL><FLDCALLDETAILID>532814</FLDCALLDETAILID><FLDUUID>0252JELG9C9ST31Q7C0182LAES005OG1</FLDUUID><FLDCONNECTIONID>0252JELG9C9ST31Q7C0182LAES005OG1</FLDCONNECTIONID><FLDSESSIONID>8D565000-3404-B4CA-4515-8F920997B3B1;gvp.rm.datanodes=2|1;gvp.rm.tenant-id=101_CCT_PartnerIVR_V1.0</FLDSESSIONID><FLDCLI>9538269996</FLDCLI><FLDDNIS>49432201</FLDDNIS><FLDCALLTYPEID>0</FLDCALLTYPEID><FLDCALLSTARTTIME>2014-08-01 18:25:01.1521</FLDCALLSTARTTIME><FLDCALLENDTIME>2014-08-01 18:25:01.1521</FLDCALLENDTIME><FLDLANGUAGESELECTED></FLDLANGUAGESELECTED><FLDSUBSCRIBERID></FLDSUBSCRIBERID><FLDSUBIDLIST></FLDSUBIDLIST><FLDCALLERTYPE></FLDCALLERTYPE><FLDSUBSCRIBERSEGMENT></FLDSUBSCRIBERSEGMENT><FLDCALLDISCONNECTEDBY></FLDCALLDISCONNECTEDBY><FLDCALLDISCONNECTREASON></FLDCALLDISCONNECTREASON><FLDLASTTRAVERSEDCALLFLOWDETAILID></FLDLASTTRAVERSEDCALLFLOWDETAILID><FLDTRANSFERSTATUS></FLDTRANSFERSTATUS><FLDTRANSFERFAILUREREASON></FLDTRANSFERFAILUREREASON><FLDTRANSFERTO></FLDTRANSFERTO><FLDACCOUNTSTATUS></FLDACCOUNTSTATUS><FLDACCOUNTSUBSTATUS></FLDACCOUNTSUBSTATUS><FLDSUBIDCOUNT></FLDSUBIDCOUNT><FLDNONRMNIDENTIFIER></FLDNONRMNIDENTIFIER><FLDSUBIDVALIDATED></FLDSUBIDVALIDATED><FLDAPPID>5</FLDAPPID></TBLCALLDETAIL><CTIROOT><CTILASTMENU>901</CTILASTMENU><CTIDESK>DEF</CTIDESK><CTIVAG>BLR</CTIVAG><CTIVQ>BLR</CTIVQ></CTIROOT><TRANSACTIONROOT>0</TRANSACTIONROOT><PGTRANSACTIONROOT>0</PGTRANSACTIONROOT><TBLCALLFLOWDETAIL><FLDCALLDETAILID>532814</FLDCALLDETAILID><FLDCALLFLOWID>1</FLDCALLFLOWID><FLDCALLFLOWDATETIME>2014-08-01 18:25:03.568</FLDCALLFLOWDATETIME><FLDCALLFLOWFIRSTINPUTSTARTDATETIME></FLDCALLFLOWFIRSTINPUTSTARTDATETIME><FLDCALLFLOWFIRSTINPUTENDDATETIME></FLDCALLFLOWFIRSTINPUTENDDATETIME><FLDFIRSTINPUTID>901</FLDFIRSTINPUTID><FLDFIRSTINPUTVALUE>NoInput</FLDFIRSTINPUTVALUE><FLDCALLFLOWSECONDINPUTSTARTDATETIME></FLDCALLFLOWSECONDINPUTSTARTDATETIME><FLDCALLFLOWSECONDINPUTENDDATETIME></FLDCALLFLOWSECONDINPUTENDDATETIME><FLDSECONDINPUTID>901</FLDSECONDINPUTID><FLDSECONDINPUTVALUE>NoInput</FLDSECONDINPUTVALUE><FLDCALLFLOWTHIRDINPUTSTARTDATETIME></FLDCALLFLOWTHIRDINPUTSTARTDATETIME><FLDCALLFLOWTHIRDINPUTENDDATETIME></FLDCALLFLOWTHIRDINPUTENDDATETIME><FLDTHIRDINPUTID></FLDTHIRDINPUTID><FLDTHIRDINPUTVALUE></FLDTHIRDINPUTVALUE><FLDNOOFATTEMPTS>1</FLDNOOFATTEMPTS><FLDRULEID>10002</FLDRULEID><FLDISSUCCESS>Y</FLDISSUCCESS><FLDRULEDESC>n</FLDRULEDESC></TBLCALLFLOWDETAIL></ROOT>

[2014-08-01 18:25:06.7011] [callDetailId: ] ERROR:  RetrieveCallerDetails OUTPUT : BA_CALLER_TYPE : NonPartner BA_PARTNER_ACCOUNT_STATUS :  BA_SELECTED_LANGUAGE :  LZ_BAPrimary_Language :

[2014-08-01 18:25:07.0411] [callDetailId: 532814] INFO:  RetrieveDynamicCallFlow Input = LZ_DynamicCallFlowXML : <CallFlow CDID="532814" RuleID=""><Prompt CFID="11019">5020.wav</Prompt><Menu CFID="910">7030.wav</Menu></CallFlow>

[2014-08-01 18:25:07.0421] [callDetailId: 532814] INFO:  RetrieveDynamicCallFlow Output = LZ_PromptList : 5020.wav LZ_MenuList : 7220.wav,7030.wav LZ_MenuOptionList : ,# LZ_MenuOptionPromptList : 7220.wav,7011.wav LZ_MenuCallFlowIDList : ,910 LZ_CallFlowID : 11019 LZ_CallFlowDateTime : 2014-08-01 18:25:07.041 LZ_RuleID :  LZ_AppLanguage : en-IN LZ_RuleDescription : 

[2014-08-01 18:25:14.1951] [callDetailId: 532814] INFO:  RetrieveDynamicCallFlowResult Input = LZ_CallFlowID : 11019 LZ_NoOfAttempts : 1 LZ_tempAttempts : 1 LZ_RuleID :  LZ_RuleDescription :  LZ_InputValue : 

[2014-08-01 18:25:14.1961] [callDetailId: 532814] WARN:  RetrieveDynamicCallFlowResult For Loop Error.................... 2

[2014-08-01 18:25:14.1971] [callDetailId: 532814] INFO:  RetrieveDynamicCallFlowResult Output 

[2014-08-01 18:25:14.8301] [callDetailId: 532814] INFO:  RetrieveDynamicCallFlow Input = LZ_DynamicCallFlowXML : <CallFlow CDID="532814" RuleID=""><Prompt CFID="99">3305.wav</Prompt></CallFlow>

[2014-08-01 18:25:14.8311] [callDetailId: 532814] INFO:  RetrieveDynamicCallFlow Output = LZ_PromptList : 3305.wav LZ_MenuList :  LZ_MenuOptionList :  LZ_MenuOptionPromptList :  LZ_MenuCallFlowIDList :  LZ_CallFlowID : 99 LZ_CallFlowDateTime : 2014-08-01 18:25:14.831 LZ_RuleID :  LZ_AppLanguage : en-IN LZ_RuleDescription : 

[2014-08-01 18:25:14.9021] [callDetailId: 532814] INFO:  RetrieveDynamicCallFlowResult Input = LZ_CallFlowID : 99 LZ_NoOfAttempts : 1 LZ_tempAttempts : 1 LZ_RuleID :  LZ_RuleDescription :  LZ_InputValue : 

[2014-08-01 18:25:14.9041] [callDetailId: 532814] INFO:  RetrieveDynamicCallFlowResult Output 

[2014-08-01 18:25:14.9391] [callDetailId: 532814] INFO:  SetDisconnectDetails Input 

[2014-08-01 18:25:14.9461] [callDetailId: 532814] INFO:  Update Call Detail Callendtime : 2014-08-01 18:25:14.9451 Languageselected :  Subscriberid :  Subidlist :  Callertype :  Subscribersegment :  Calldisconnectedby : IVR Calldisconnectreason :  Lasttraversedcfdid : 11019 Transferstatus :  Transferfailurereason :  Transferto :  accountStatus :  accountSubStatus :  subIdCount :  nonRmnIdEntifier :  subIdValiDated  cli 9538269996 First Promt Play Time 2014-08-01 18:25:03.568 IVR Exit 

[2014-08-01 18:25:14.9461] [callDetailId: 532814] DEBUG: Getting DB Connection BLRIVRPRDB

[2014-08-01 18:25:14.9491] [callDetailId: 532814] DEBUG: Created Database Connection Count : 4

[2014-08-01 18:25:14.9561] [callDetailId: 532814] DEBUG: Already Closed DB Connection

[2014-08-01 18:25:14.9561] [callDetailId: 532814] INFO:  Update Call Detail Status 1

[2014-08-01 18:25:14.9571] [callDetailId: 532814] INFO:  Call Flow Detail XML Successfully Written to File : 532814

[2014-08-01 18:25:14.9581] [callDetailId: 532814] INFO:  SetDisconnectDetails output 

[2014-08-01 18:26:00.2561] [callDetailId: ] INFO: Log Rotate timer is waiting to start the service at 12 AM

[2014-08-01 18:29:43.8521] [callDetailId: ] INFO: InsertIntoCallDetail Input = UsrANI : 8066233150 UsrDNIS : 49432201 UsrCallSessionID :8D565000-3404-6B14-9D62-F3923C08F736;gvp.rm.datanodes=2|1;gvp.rm.tenant-id=101_CCT_PartnerIVR_V1.0 UsrCallUUID : 0252JELG9C9ST31Q7C0182LAES005OLD CallTypeID : 0 Date : 2014-08-01 18:29:43.8521LZ_DefaultLanguage : English

[2014-08-01 18:29:43.8541] [callDetailId: ] DEBUG: Getting DB Connection BLRIVRPRDB

[2014-08-01 18:29:43.8581] [callDetailId: ] DEBUG: Created Database Connection Count : 3

[2014-08-01 18:29:43.8681] [callDetailId: 532815] DEBUG: Already Closed DB Connection

[2014-08-01 18:29:43.8691] [callDetailId: 532815] INFO: Cli : 8066233150iDNIS : 49432201UUID : 0252JELG9C9ST31Q7C0182LAES005OLDConnection Id : 0252JELG9C9ST31Q7C0182LAES005OLDSession Id : 8D565000-3404-6B14-9D62-F3923C08F736;gvp.rm.datanodes=2|1;gvp.rm.tenant-id=101_CCT_PartnerIVR_V1.0CallType Id : 0 Time Stamp : 2014-08-01 18:29:43.8521 Call Detail ID : 532815 Call Type : 5

[2014-08-01 18:29:43.8701] [callDetailId: 532815] INFO: InsertIntoCallDetail output = NonBusinessHoursFlag : Y

[2014-08-01 18:29:44.6711] [callDetailId: 532815] DEBUG: Getting DB Connection BLRGGPRDB

[2014-08-01 18:29:44.6751] [callDetailId: 532815] DEBUG: Created Database Connection Count : 3

[2014-08-01 18:29:44.7321] [callDetailId: 532815] DEBUG: Already Closed DB Connection

[2014-08-01 18:29:44.7321] [callDetailId: 532815] INFO:  Partner Detail Mobile  Id : 8066233150 partnerType : null partnerId : null tslPrimaryLanguage : null status : null state : null zipcode : null

[2014-08-01 18:29:44.7331] [callDetailId: 532815] INFO:  Partner Mobile : 8066233150 Get Partner Detail Mobile <BA_PARTNER_TYPE></BA_PARTNER_TYPE><BA_PARTNER_ID></BA_PARTNER_ID><BA_PRIMARY_LANGUAGE></BA_PRIMARY_LANGUAGE><BA_PARTNER_ACCOUNT_STATUS></BA_PARTNER_ACCOUNT_STATUS><BA_STATE></BA_STATE><BA_PIN_CODE></BA_PIN_CODE><BA_PARTNER_REPEAT_COUNT></BA_PARTNER_REPEAT_COUNT>

[2014-08-01 18:29:44.7371] [callDetailId: 532815] INFO: Input Values dbCallDetailId : 532815 callerType :  DNIS : 49432201 state : 

[2014-08-01 18:29:44.7371] [callDetailId: 532815] INFO: DataCenter : BLR

[2014-08-01 18:29:44.7381] [callDetailId: 532815] INFO: Input for Stored Procedure Prospect : D State : null DNIS  : 49432201

[2014-08-01 18:29:44.7381] [callDetailId: 532815] DEBUG: Getting DB Connection BLRIVRPRDB

[2014-08-01 18:29:44.7411] [callDetailId: 532815] DEBUG: Created Database Connection Count : 3

[2014-08-01 18:29:44.7441] [callDetailId: 532815] INFO: OutPut telecomCircle : Andhra Pradesh langCode : 8,2,1

[2014-08-01 18:29:44.7441] [callDetailId: 532815] DEBUG: Already Closed DB Connection

[2014-08-01 18:29:44.7451] [callDetailId: 532815] INFO:  Get Telecom Circle Xml : <BA_TELECOM_CIRCLE>Andhra Pradesh</BA_TELECOM_CIRCLE><BA_LANG_CODE>8,2,1</BA_LANG_CODE>

[2014-08-01 18:29:44.7471] [callDetailId: 532815] INFO: Retrieve Caller Profile output = LZ_LanguageFromAgent:   LZ_RMNFromAgent :  LZ_TelecomCircle : Andhra Pradesh  GZ_CallFlowDetailXML : <ROOT><BA_ROOT><BA_CALLER_TYPE>NonPartner</BA_CALLER_TYPE><BA_PARTNER_TYPE></BA_PARTNER_TYPE><BA_PARTNER_ID></BA_PARTNER_ID><BA_PRIMARY_LANGUAGE></BA_PRIMARY_LANGUAGE><BA_PARTNER_ACCOUNT_STATUS></BA_PARTNER_ACCOUNT_STATUS><BA_STATE></BA_STATE><BA_PIN_CODE></BA_PIN_CODE><BA_PARTNER_REPEAT_COUNT></BA_PARTNER_REPEAT_COUNT><BA_DEFAULT_LANGUAGE>English</BA_DEFAULT_LANGUAGE><BA_PARTNER_TYPE></BA_PARTNER_TYPE><BA_PARTNER_ID></BA_PARTNER_ID><BA_PRIMARY_LANGUAGE></BA_PRIMARY_LANGUAGE><BA_PARTNER_ACCOUNT_STATUS></BA_PARTNER_ACCOUNT_STATUS><BA_STATE></BA_STATE><BA_PIN_CODE></BA_PIN_CODE><BA_PARTNER_REPEAT_COUNT></BA_PARTNER_REPEAT_COUNT><BA_TELECOM_CIRCLE>Andhra Pradesh</BA_TELECOM_CIRCLE><BA_LANG_CODE>8,2,1</BA_LANG_CODE><BA_DEFAULT_LANGUAGE>English</BA_DEFAULT_LANGUAGE></BA_ROOT><TBLCALLDETAIL><FLDCALLDETAILID>532815</FLDCALLDETAILID><FLDUUID>0252JELG9C9ST31Q7C0182LAES005OLD</FLDUUID><FLDCONNECTIONID>0252JELG9C9ST31Q7C0182LAES005OLD</FLDCONNECTIONID><FLDSESSIONID>8D565000-3404-6B14-9D62-F3923C08F736;gvp.rm.datanodes=2|1;gvp.rm.tenant-id=101_CCT_PartnerIVR_V1.0</FLDSESSIONID><FLDCLI>8066233150</FLDCLI><FLDDNIS>49432201</FLDDNIS><FLDCALLTYPEID>0</FLDCALLTYPEID><FLDCALLSTARTTIME>2014-08-01 18:29:43.8521</FLDCALLSTARTTIME><FLDCALLENDTIME>2014-08-01 18:29:43.8521</FLDCALLENDTIME><FLDLANGUAGESELECTED></FLDLANGUAGESELECTED><FLDSUBSCRIBERID></FLDSUBSCRIBERID><FLDSUBIDLIST></FLDSUBIDLIST><FLDCALLERTYPE></FLDCALLERTYPE><FLDSUBSCRIBERSEGMENT></FLDSUBSCRIBERSEGMENT><FLDCALLDISCONNECTEDBY></FLDCALLDISCONNECTEDBY><FLDCALLDISCONNECTREASON></FLDCALLDISCONNECTREASON><FLDLASTTRAVERSEDCALLFLOWDETAILID></FLDLASTTRAVERSEDCALLFLOWDETAILID><FLDTRANSFERSTATUS></FLDTRANSFERSTATUS><FLDTRANSFERFAILUREREASON></FLDTRANSFERFAILUREREASON><FLDTRANSFERTO></FLDTRANSFERTO><FLDACCOUNTSTATUS></FLDACCOUNTSTATUS><FLDACCOUNTSUBSTATUS></FLDACCOUNTSUBSTATUS><FLDSUBIDCOUNT></FLDSUBIDCOUNT><FLDNONRMNIDENTIFIER></FLDNONRMNIDENTIFIER><FLDSUBIDVALIDATED></FLDSUBIDVALIDATED><FLDAPPID>5</FLDAPPID></TBLCALLDETAIL><CTIROOT><CTILASTMENU>0</CTILASTMENU><CTIDESK>DEF</CTIDESK><CTIVAG>BLR</CTIVAG><CTIVQ>BLR</CTIVQ></CTIROOT><TRANSACTIONROOT>0</TRANSACTIONROOT><PGTRANSACTIONROOT>0</PGTRANSACTIONROOT></ROOT>

[2014-08-01 18:29:45.3581] [callDetailId: ] INFO: Retrieve Language Details output = LZ_CurrentLanguage:  LZ_CallFlowDetailXML : <ROOT><BA_ROOT><BA_APP_LANGUAGE>en-IN</BA_APP_LANGUAGE><BA_SELECTED_LANGUAGE></BA_SELECTED_LANGUAGE><BA_CALLER_TYPE>NonPartner</BA_CALLER_TYPE><BA_PARTNER_TYPE></BA_PARTNER_TYPE><BA_PARTNER_ID></BA_PARTNER_ID><BA_PRIMARY_LANGUAGE></BA_PRIMARY_LANGUAGE><BA_PARTNER_ACCOUNT_STATUS></BA_PARTNER_ACCOUNT_STATUS><BA_STATE></BA_STATE><BA_PIN_CODE></BA_PIN_CODE><BA_PARTNER_REPEAT_COUNT></BA_PARTNER_REPEAT_COUNT><BA_DEFAULT_LANGUAGE>English</BA_DEFAULT_LANGUAGE><BA_PARTNER_TYPE></BA_PARTNER_TYPE><BA_PARTNER_ID></BA_PARTNER_ID><BA_PRIMARY_LANGUAGE></BA_PRIMARY_LANGUAGE><BA_PARTNER_ACCOUNT_STATUS></BA_PARTNER_ACCOUNT_STATUS><BA_STATE></BA_STATE><BA_PIN_CODE></BA_PIN_CODE><BA_PARTNER_REPEAT_COUNT></BA_PARTNER_REPEAT_COUNT><BA_TELECOM_CIRCLE>Andhra Pradesh</BA_TELECOM_CIRCLE><BA_LANG_CODE>8,2,1</BA_LANG_CODE><BA_DEFAULT_LANGUAGE>English</BA_DEFAULT_LANGUAGE></BA_ROOT><TBLCALLDETAIL><FLDCALLDETAILID>532815</FLDCALLDETAILID><FLDUUID>0252JELG9C9ST31Q7C0182LAES005OLD</FLDUUID><FLDCONNECTIONID>0252JELG9C9ST31Q7C0182LAES005OLD</FLDCONNECTIONID><FLDSESSIONID>8D565000-3404-6B14-9D62-F3923C08F736;gvp.rm.datanodes=2|1;gvp.rm.tenant-id=101_CCT_PartnerIVR_V1.0</FLDSESSIONID><FLDCLI>8066233150</FLDCLI><FLDDNIS>49432201</FLDDNIS><FLDCALLTYPEID>0</FLDCALLTYPEID><FLDCALLSTARTTIME>2014-08-01 18:29:43.8521</FLDCALLSTARTTIME><FLDCALLENDTIME>2014-08-01 18:29:43.8521</FLDCALLENDTIME><FLDLANGUAGESELECTED></FLDLANGUAGESELECTED><FLDSUBSCRIBERID></FLDSUBSCRIBERID><FLDSUBIDLIST></FLDSUBIDLIST><FLDCALLERTYPE></FLDCALLERTYPE><FLDSUBSCRIBERSEGMENT></FLDSUBSCRIBERSEGMENT><FLDCALLDISCONNECTEDBY></FLDCALLDISCONNECTEDBY><FLDCALLDISCONNECTREASON></FLDCALLDISCONNECTREASON><FLDLASTTRAVERSEDCALLFLOWDETAILID></FLDLASTTRAVERSEDCALLFLOWDETAILID><FLDTRANSFERSTATUS></FLDTRANSFERSTATUS><FLDTRANSFERFAILUREREASON></FLDTRANSFERFAILUREREASON><FLDTRANSFERTO></FLDTRANSFERTO><FLDACCOUNTSTATUS></FLDACCOUNTSTATUS><FLDACCOUNTSUBSTATUS></FLDACCOUNTSUBSTATUS><FLDSUBIDCOUNT></FLDSUBIDCOUNT><FLDNONRMNIDENTIFIER></FLDNONRMNIDENTIFIER><FLDSUBIDVALIDATED></FLDSUBIDVALIDATED><FLDAPPID>5</FLDAPPID></TBLCALLDETAIL><CTIROOT><CTILASTMENU>0</CTILASTMENU><CTIDESK>DEF</CTIDESK><CTIVAG>BLR</CTIVAG><CTIVQ>BLR</CTIVQ></CTIROOT><TRANSACTIONROOT>0</TRANSACTIONROOT><PGTRANSACTIONROOT>0</PGTRANSACTIONROOT></ROOT>

[2014-08-01 18:29:45.7331] [callDetailId: ] INFO:  RetrieveWelcomeDetails Input 

[2014-08-01 18:29:45.7371] [callDetailId: ] INFO:  RetrieveWelcomeDetails Output =  LZ_TimePhase : Evening LZ_BACallerType NonPartner LZ_BABrandGreetFlag : Y LZ_BASeasonalGreetFlag : Y

[2014-08-01 18:29:45.7601] [callDetailId: 532815] INFO:  RetrieveRuleResult Input = LZ_CallFlowID : 11001 LZ_BAString : TIME_GREET_FLAG LZ_BAValueString : Evening

[2014-08-01 18:29:45.7611] [callDetailId: 532815] DEBUG:  Evaluate Call Flow Expression cfID : 11001 baArray : [Ljava.lang.String;@2e510577 baValues : [Ljava.lang.String;@493ddf62

[2014-08-01 18:29:45.7621] [callDetailId: 532815] DEBUG:  CallFlowID : 11001 Get Code : MS Get Action : 3,20003 Get Rule Id : 10002 Get Rule Description : n

[2014-08-01 18:29:45.7631] [callDetailId: 532815] DEBUG: Getting DB Connection BLRIVRPRDB

[2014-08-01 18:29:45.7661] [callDetailId: 532815] DEBUG: Created Database Connection Count : 3

[2014-08-01 18:29:45.7861] [callDetailId: 532815] DEBUG: Already Closed DB Connection

[2014-08-01 18:29:45.7871] [callDetailId: 532815] INFO:  strRuleActionResult[0] : MS,1003.wav,1006.wav strRuleActionResult[1] : MS,1,1

[2014-08-01 18:29:45.7881] [callDetailId: 532815] INFO:  RetrieveRuleResult Output = LZ_PromptList : 1003.wav,1006.wav LZ_RoutePoint :  LZ_CallFlowIDList : 1,1 LZ_RuleID : 10002 LZ_RuleDesc : n

[2014-08-01 18:29:45.8101] [callDetailId: 532815] INFO:  CreateDynamicCallFlow Input = LZ_CallFlowType : Prompt LZ_PromptList : 1,1 LZ_RuleID : 10002 LZ_RuleDescription : n

[2014-08-01 18:29:45.8111] [callDetailId: 532815] INFO:  CreateDynamicCallFlow Output = LZ_DynamicCallFlowXML : <CallFlow CDID="532815" RuleID="10002" RuleDesc="n"><Prompt CFID="1">1003.wav</Prompt><Prompt CFID="1">1006.wav</Prompt></CallFlow>

[2014-08-01 18:29:46.1481] [callDetailId: 532815] INFO:  RetrieveDynamicCallFlow Input = LZ_DynamicCallFlowXML : <CallFlow CDID="532815" RuleID="10002" RuleDesc="n"><Prompt CFID="1">1003.wav</Prompt><Prompt CFID="1">1006.wav</Prompt></CallFlow>

[2014-08-01 18:29:46.1491] [callDetailId: 532815] INFO:  RetrieveDynamicCallFlow Output = LZ_PromptList : 1003.wav,1006.wav LZ_MenuList :  LZ_MenuOptionList :  LZ_MenuOptionPromptList :  LZ_MenuCallFlowIDList :  LZ_CallFlowID : 1 LZ_CallFlowDateTime : 2014-08-01 18:29:46.148 LZ_RuleID : 10002 LZ_AppLanguage : en-IN LZ_RuleDescription : n

[2014-08-01 18:29:46.2771] [callDetailId: 532815] INFO:  RetrieveDynamicCallFlowResult Input = LZ_CallFlowID : 1 LZ_NoOfAttempts : 1 LZ_tempAttempts : 1 LZ_RuleID : 10002 LZ_RuleDescription : n LZ_InputValue : ,NoInput,NoInput

[2014-08-01 18:29:46.2781] [callDetailId: 532815] WARN:  RetrieveDynamicCallFlowResult For Loop Error.................... 3

[2014-08-01 18:29:46.2791] [callDetailId: 532815] INFO:  RetrieveDynamicCallFlowResult Output 

[2014-08-01 18:29:48.9271] [callDetailId: 532815] INFO:  RetrieveRuleResult Input = LZ_CallFlowID : 11002 LZ_BAString : CALLER_TYPE,BRAND_GREET_FLAG LZ_BAValueString : NonPartner,Y

[2014-08-01 18:29:48.9281] [callDetailId: 532815] DEBUG:  Evaluate Call Flow Expression cfID : 11002 baArray : [Ljava.lang.String;@4a78eb4f baValues : [Ljava.lang.String;@48a0b5bb

[2014-08-01 18:29:48.9291] [callDetailId: 532815] INFO:  RetrieveRuleResult Output = LZ_PromptList :  LZ_RoutePoint :  LZ_CallFlowIDList :  LZ_RuleID :  LZ_RuleDesc : 

[2014-08-01 18:29:48.9571] [callDetailId: 532815] INFO:  RetrieveRuleResult Input = LZ_CallFlowID : 11003 LZ_BAString : CALLER_TYPE,SEASONAL_GREET_FLAG LZ_BAValueString : NonPartner,Y

[2014-08-01 18:29:48.9581] [callDetailId: 532815] DEBUG:  Evaluate Call Flow Expression cfID : 11003 baArray : [Ljava.lang.String;@2efb2d3d baValues : [Ljava.lang.String;@6c5717e3

[2014-08-01 18:29:48.9601] [callDetailId: 532815] INFO:  RetrieveRuleResult Output = LZ_PromptList :  LZ_RoutePoint :  LZ_CallFlowIDList :  LZ_RuleID :  LZ_RuleDesc : 

[2014-08-01 18:29:49.2941] [callDetailId: ] ERROR:  RetrieveCallerDetails INPUT : LZ_CallFlowDetailXML : <ROOT><BA_ROOT><BA_APP_LANGUAGE>en-IN</BA_APP_LANGUAGE><BA_SELECTED_LANGUAGE></BA_SELECTED_LANGUAGE><BA_CALLER_TYPE>NonPartner</BA_CALLER_TYPE><BA_PARTNER_TYPE></BA_PARTNER_TYPE><BA_PARTNER_ID></BA_PARTNER_ID><BA_PRIMARY_LANGUAGE></BA_PRIMARY_LANGUAGE><BA_PARTNER_ACCOUNT_STATUS></BA_PARTNER_ACCOUNT_STATUS><BA_STATE></BA_STATE><BA_PIN_CODE></BA_PIN_CODE><BA_PARTNER_REPEAT_COUNT></BA_PARTNER_REPEAT_COUNT><BA_DEFAULT_LANGUAGE>English</BA_DEFAULT_LANGUAGE><BA_PARTNER_TYPE></BA_PARTNER_TYPE><BA_PARTNER_ID></BA_PARTNER_ID><BA_PRIMARY_LANGUAGE></BA_PRIMARY_LANGUAGE><BA_PARTNER_ACCOUNT_STATUS></BA_PARTNER_ACCOUNT_STATUS><BA_STATE></BA_STATE><BA_PIN_CODE></BA_PIN_CODE><BA_PARTNER_REPEAT_COUNT></BA_PARTNER_REPEAT_COUNT><BA_TELECOM_CIRCLE>Andhra Pradesh</BA_TELECOM_CIRCLE><BA_LANG_CODE>8,2,1</BA_LANG_CODE><BA_DEFAULT_LANGUAGE>English</BA_DEFAULT_LANGUAGE></BA_ROOT><TBLCALLDETAIL><FLDCALLDETAILID>532815</FLDCALLDETAILID><FLDUUID>0252JELG9C9ST31Q7C0182LAES005OLD</FLDUUID><FLDCONNECTIONID>0252JELG9C9ST31Q7C0182LAES005OLD</FLDCONNECTIONID><FLDSESSIONID>8D565000-3404-6B14-9D62-F3923C08F736;gvp.rm.datanodes=2|1;gvp.rm.tenant-id=101_CCT_PartnerIVR_V1.0</FLDSESSIONID><FLDCLI>8066233150</FLDCLI><FLDDNIS>49432201</FLDDNIS><FLDCALLTYPEID>0</FLDCALLTYPEID><FLDCALLSTARTTIME>2014-08-01 18:29:43.8521</FLDCALLSTARTTIME><FLDCALLENDTIME>2014-08-01 18:29:43.8521</FLDCALLENDTIME><FLDLANGUAGESELECTED></FLDLANGUAGESELECTED><FLDSUBSCRIBERID></FLDSUBSCRIBERID><FLDSUBIDLIST></FLDSUBIDLIST><FLDCALLERTYPE></FLDCALLERTYPE><FLDSUBSCRIBERSEGMENT></FLDSUBSCRIBERSEGMENT><FLDCALLDISCONNECTEDBY></FLDCALLDISCONNECTEDBY><FLDCALLDISCONNECTREASON></FLDCALLDISCONNECTREASON><FLDLASTTRAVERSEDCALLFLOWDETAILID></FLDLASTTRAVERSEDCALLFLOWDETAILID><FLDTRANSFERSTATUS></FLDTRANSFERSTATUS><FLDTRANSFERFAILUREREASON></FLDTRANSFERFAILUREREASON><FLDTRANSFERTO></FLDTRANSFERTO><FLDACCOUNTSTATUS></FLDACCOUNTSTATUS><FLDACCOUNTSUBSTATUS></FLDACCOUNTSUBSTATUS><FLDSUBIDCOUNT></FLDSUBIDCOUNT><FLDNONRMNIDENTIFIER></FLDNONRMNIDENTIFIER><FLDSUBIDVALIDATED></FLDSUBIDVALIDATED><FLDAPPID>5</FLDAPPID></TBLCALLDETAIL><CTIROOT><CTILASTMENU>901</CTILASTMENU><CTIDESK>DEF</CTIDESK><CTIVAG>BLR</CTIVAG><CTIVQ>BLR</CTIVQ></CTIROOT><TRANSACTIONROOT>0</TRANSACTIONROOT><PGTRANSACTIONROOT>0</PGTRANSACTIONROOT><TBLCALLFLOWDETAIL><FLDCALLDETAILID>532815</FLDCALLDETAILID><FLDCALLFLOWID>1</FLDCALLFLOWID><FLDCALLFLOWDATETIME>2014-08-01 18:29:46.148</FLDCALLFLOWDATETIME><FLDCALLFLOWFIRSTINPUTSTARTDATETIME></FLDCALLFLOWFIRSTINPUTSTARTDATETIME><FLDCALLFLOWFIRSTINPUTENDDATETIME></FLDCALLFLOWFIRSTINPUTENDDATETIME><FLDFIRSTINPUTID>901</FLDFIRSTINPUTID><FLDFIRSTINPUTVALUE>NoInput</FLDFIRSTINPUTVALUE><FLDCALLFLOWSECONDINPUTSTARTDATETIME></FLDCALLFLOWSECONDINPUTSTARTDATETIME><FLDCALLFLOWSECONDINPUTENDDATETIME></FLDCALLFLOWSECONDINPUTENDDATETIME><FLDSECONDINPUTID>901</FLDSECONDINPUTID><FLDSECONDINPUTVALUE>NoInput</FLDSECONDINPUTVALUE><FLDCALLFLOWTHIRDINPUTSTARTDATETIME></FLDCALLFLOWTHIRDINPUTSTARTDATETIME><FLDCALLFLOWTHIRDINPUTENDDATETIME></FLDCALLFLOWTHIRDINPUTENDDATETIME><FLDTHIRDINPUTID></FLDTHIRDINPUTID><FLDTHIRDINPUTVALUE></FLDTHIRDINPUTVALUE><FLDNOOFATTEMPTS>1</FLDNOOFATTEMPTS><FLDRULEID>10002</FLDRULEID><FLDISSUCCESS>Y</FLDISSUCCESS><FLDRULEDESC>n</FLDRULEDESC></TBLCALLFLOWDETAIL></ROOT>

[2014-08-01 18:29:49.2971] [callDetailId: ] ERROR:  RetrieveCallerDetails OUTPUT : BA_CALLER_TYPE : NonPartner BA_PARTNER_ACCOUNT_STATUS :  BA_SELECTED_LANGUAGE :  LZ_BAPrimary_Language :

[2014-08-01 18:29:49.6301] [callDetailId: 532815] INFO:  RetrieveDynamicCallFlow Input = LZ_DynamicCallFlowXML : <CallFlow CDID="532815" RuleID=""><Prompt CFID="11019">5020.wav</Prompt><Menu CFID="910">7030.wav</Menu></CallFlow>

[2014-08-01 18:29:49.6401] [callDetailId: 532815] INFO:  RetrieveDynamicCallFlow Output = LZ_PromptList : 5020.wav LZ_MenuList : 7220.wav,7030.wav LZ_MenuOptionList : ,# LZ_MenuOptionPromptList : 7220.wav,7011.wav LZ_MenuCallFlowIDList : ,910 LZ_CallFlowID : 11019 LZ_CallFlowDateTime : 2014-08-01 18:29:49.639 LZ_RuleID :  LZ_AppLanguage : en-IN LZ_RuleDescription : 

[2014-08-01 18:29:57.8481] [callDetailId: ] INFO: InsertIntoCallDetail Input = UsrANI : 9538269996 UsrDNIS : 49432201 UsrCallSessionID :8D565000-3404-C6B5-05A7-6E4B7232245D;gvp.rm.datanodes=2|1;gvp.rm.tenant-id=101_CCT_PartnerIVR_V1.0 UsrCallUUID : 0252JELG9C9ST31Q7C0182LAES005OLN CallTypeID : 0 Date : 2014-08-01 18:29:57.8481LZ_DefaultLanguage : English

[2014-08-01 18:29:57.8501] [callDetailId: ] DEBUG: Getting DB Connection BLRIVRPRDB

[2014-08-01 18:29:57.8531] [callDetailId: ] DEBUG: Created Database Connection Count : 3

[2014-08-01 18:29:57.8591] [callDetailId: 532816] DEBUG: Already Closed DB Connection

[2014-08-01 18:29:57.8591] [callDetailId: 532816] INFO: Cli : 9538269996iDNIS : 49432201UUID : 0252JELG9C9ST31Q7C0182LAES005OLNConnection Id : 0252JELG9C9ST31Q7C0182LAES005OLNSession Id : 8D565000-3404-C6B5-05A7-6E4B7232245D;gvp.rm.datanodes=2|1;gvp.rm.tenant-id=101_CCT_PartnerIVR_V1.0CallType Id : 0 Time Stamp : 2014-08-01 18:29:57.8481 Call Detail ID : 532816 Call Type : 5

[2014-08-01 18:29:57.8601] [callDetailId: 532816] INFO: InsertIntoCallDetail output = NonBusinessHoursFlag : Y

[2014-08-01 18:29:57.8841] [callDetailId: 532816] DEBUG: Getting DB Connection BLRGGPRDB

[2014-08-01 18:29:57.8871] [callDetailId: 532816] DEBUG: Created Database Connection Count : 3

[2014-08-01 18:29:57.9131] [callDetailId: 532816] DEBUG: Already Closed DB Connection

[2014-08-01 18:29:57.9131] [callDetailId: 532816] INFO:  Partner Detail Mobile  Id : 9845005261 partnerType : null partnerId : null tslPrimaryLanguage : null status : null state : null zipcode : null

[2014-08-01 18:29:57.9141] [callDetailId: 532816] INFO:  Partner Mobile : 9845005261 Get Partner Detail Mobile <BA_PARTNER_TYPE></BA_PARTNER_TYPE><BA_PARTNER_ID></BA_PARTNER_ID><BA_PRIMARY_LANGUAGE></BA_PRIMARY_LANGUAGE><BA_PARTNER_ACCOUNT_STATUS></BA_PARTNER_ACCOUNT_STATUS><BA_STATE></BA_STATE><BA_PIN_CODE></BA_PIN_CODE><BA_PARTNER_REPEAT_COUNT></BA_PARTNER_REPEAT_COUNT>

[2014-08-01 18:29:57.9171] [callDetailId: 532816] INFO: Input Values dbCallDetailId : 532816 callerType :  DNIS : 49432201 state : 

[2014-08-01 18:29:57.9171] [callDetailId: 532816] INFO: DataCenter : BLR

[2014-08-01 18:29:57.9181] [callDetailId: 532816] INFO: Input for Stored Procedure Prospect : D State : null DNIS  : 49432201

[2014-08-01 18:29:57.9181] [callDetailId: 532816] DEBUG: Getting DB Connection BLRIVRPRDB

[2014-08-01 18:29:57.9201] [callDetailId: 532816] DEBUG: Created Database Connection Count : 3

[2014-08-01 18:29:57.9221] [callDetailId: 532816] INFO: OutPut telecomCircle : Andhra Pradesh langCode : 8,2,1

[2014-08-01 18:29:57.9221] [callDetailId: 532816] DEBUG: Already Closed DB Connection

[2014-08-01 18:29:57.9231] [callDetailId: 532816] INFO:  Get Telecom Circle Xml : <BA_TELECOM_CIRCLE>Andhra Pradesh</BA_TELECOM_CIRCLE><BA_LANG_CODE>8,2,1</BA_LANG_CODE>

[2014-08-01 18:29:57.9241] [callDetailId: 532816] INFO: Retrieve Caller Profile output = LZ_LanguageFromAgent:   LZ_RMNFromAgent :  LZ_TelecomCircle : Andhra Pradesh  GZ_CallFlowDetailXML : <ROOT><BA_ROOT><BA_CALLER_TYPE>NonPartner</BA_CALLER_TYPE><BA_PARTNER_TYPE></BA_PARTNER_TYPE><BA_PARTNER_ID></BA_PARTNER_ID><BA_PRIMARY_LANGUAGE></BA_PRIMARY_LANGUAGE><BA_PARTNER_ACCOUNT_STATUS></BA_PARTNER_ACCOUNT_STATUS><BA_STATE></BA_STATE><BA_PIN_CODE></BA_PIN_CODE><BA_PARTNER_REPEAT_COUNT></BA_PARTNER_REPEAT_COUNT><BA_DEFAULT_LANGUAGE>English</BA_DEFAULT_LANGUAGE><BA_PARTNER_TYPE></BA_PARTNER_TYPE><BA_PARTNER_ID></BA_PARTNER_ID><BA_PRIMARY_LANGUAGE></BA_PRIMARY_LANGUAGE><BA_PARTNER_ACCOUNT_STATUS></BA_PARTNER_ACCOUNT_STATUS><BA_STATE></BA_STATE><BA_PIN_CODE></BA_PIN_CODE><BA_PARTNER_REPEAT_COUNT></BA_PARTNER_REPEAT_COUNT><BA_TELECOM_CIRCLE>Andhra Pradesh</BA_TELECOM_CIRCLE><BA_LANG_CODE>8,2,1</BA_LANG_CODE><BA_DEFAULT_LANGUAGE>English</BA_DEFAULT_LANGUAGE></BA_ROOT><TBLCALLDETAIL><FLDCALLDETAILID>532816</FLDCALLDETAILID><FLDUUID>0252JELG9C9ST31Q7C0182LAES005OLN</FLDUUID><FLDCONNECTIONID>0252JELG9C9ST31Q7C0182LAES005OLN</FLDCONNECTIONID><FLDSESSIONID>8D565000-3404-C6B5-05A7-6E4B7232245D;gvp.rm.datanodes=2|1;gvp.rm.tenant-id=101_CCT_PartnerIVR_V1.0</FLDSESSIONID><FLDCLI>9538269996</FLDCLI><FLDDNIS>49432201</FLDDNIS><FLDCALLTYPEID>0</FLDCALLTYPEID><FLDCALLSTARTTIME>2014-08-01 18:29:57.8481</FLDCALLSTARTTIME><FLDCALLENDTIME>2014-08-01 18:29:57.8481</FLDCALLENDTIME><FLDLANGUAGESELECTED></FLDLANGUAGESELECTED><FLDSUBSCRIBERID></FLDSUBSCRIBERID><FLDSUBIDLIST></FLDSUBIDLIST><FLDCALLERTYPE></FLDCALLERTYPE><FLDSUBSCRIBERSEGMENT></FLDSUBSCRIBERSEGMENT><FLDCALLDISCONNECTEDBY></FLDCALLDISCONNECTEDBY><FLDCALLDISCONNECTREASON></FLDCALLDISCONNECTREASON><FLDLASTTRAVERSEDCALLFLOWDETAILID></FLDLASTTRAVERSEDCALLFLOWDETAILID><FLDTRANSFERSTATUS></FLDTRANSFERSTATUS><FLDTRANSFERFAILUREREASON></FLDTRANSFERFAILUREREASON><FLDTRANSFERTO></FLDTRANSFERTO><FLDACCOUNTSTATUS></FLDACCOUNTSTATUS><FLDACCOUNTSUBSTATUS></FLDACCOUNTSUBSTATUS><FLDSUBIDCOUNT></FLDSUBIDCOUNT><FLDNONRMNIDENTIFIER></FLDNONRMNIDENTIFIER><FLDSUBIDVALIDATED></FLDSUBIDVALIDATED><FLDAPPID>5</FLDAPPID></TBLCALLDETAIL><CTIROOT><CTILASTMENU>0</CTILASTMENU><CTIDESK>DEF</CTIDESK><CTIVAG>BLR</CTIVAG><CTIVQ>BLR</CTIVQ></CTIROOT><TRANSACTIONROOT>0</TRANSACTIONROOT><PGTRANSACTIONROOT>0</PGTRANSACTIONROOT></ROOT>

[2014-08-01 18:29:58.5101] [callDetailId: ] INFO: Retrieve Language Details output = LZ_CurrentLanguage:  LZ_CallFlowDetailXML : <ROOT><BA_ROOT><BA_APP_LANGUAGE>en-IN</BA_APP_LANGUAGE><BA_SELECTED_LANGUAGE></BA_SELECTED_LANGUAGE><BA_CALLER_TYPE>NonPartner</BA_CALLER_TYPE><BA_PARTNER_TYPE></BA_PARTNER_TYPE><BA_PARTNER_ID></BA_PARTNER_ID><BA_PRIMARY_LANGUAGE></BA_PRIMARY_LANGUAGE><BA_PARTNER_ACCOUNT_STATUS></BA_PARTNER_ACCOUNT_STATUS><BA_STATE></BA_STATE><BA_PIN_CODE></BA_PIN_CODE><BA_PARTNER_REPEAT_COUNT></BA_PARTNER_REPEAT_COUNT><BA_DEFAULT_LANGUAGE>English</BA_DEFAULT_LANGUAGE><BA_PARTNER_TYPE></BA_PARTNER_TYPE><BA_PARTNER_ID></BA_PARTNER_ID><BA_PRIMARY_LANGUAGE></BA_PRIMARY_LANGUAGE><BA_PARTNER_ACCOUNT_STATUS></BA_PARTNER_ACCOUNT_STATUS><BA_STATE></BA_STATE><BA_PIN_CODE></BA_PIN_CODE><BA_PARTNER_REPEAT_COUNT></BA_PARTNER_REPEAT_COUNT><BA_TELECOM_CIRCLE>Andhra Pradesh</BA_TELECOM_CIRCLE><BA_LANG_CODE>8,2,1</BA_LANG_CODE><BA_DEFAULT_LANGUAGE>English</BA_DEFAULT_LANGUAGE></BA_ROOT><TBLCALLDETAIL><FLDCALLDETAILID>532816</FLDCALLDETAILID><FLDUUID>0252JELG9C9ST31Q7C0182LAES005OLN</FLDUUID><FLDCONNECTIONID>0252JELG9C9ST31Q7C0182LAES005OLN</FLDCONNECTIONID><FLDSESSIONID>8D565000-3404-C6B5-05A7-6E4B7232245D;gvp.rm.datanodes=2|1;gvp.rm.tenant-id=101_CCT_PartnerIVR_V1.0</FLDSESSIONID><FLDCLI>9538269996</FLDCLI><FLDDNIS>49432201</FLDDNIS><FLDCALLTYPEID>0</FLDCALLTYPEID><FLDCALLSTARTTIME>2014-08-01 18:29:57.8481</FLDCALLSTARTTIME><FLDCALLENDTIME>2014-08-01 18:29:57.8481</FLDCALLENDTIME><FLDLANGUAGESELECTED></FLDLANGUAGESELECTED><FLDSUBSCRIBERID></FLDSUBSCRIBERID><FLDSUBIDLIST></FLDSUBIDLIST><FLDCALLERTYPE></FLDCALLERTYPE><FLDSUBSCRIBERSEGMENT></FLDSUBSCRIBERSEGMENT><FLDCALLDISCONNECTEDBY></FLDCALLDISCONNECTEDBY><FLDCALLDISCONNECTREASON></FLDCALLDISCONNECTREASON><FLDLASTTRAVERSEDCALLFLOWDETAILID></FLDLASTTRAVERSEDCALLFLOWDETAILID><FLDTRANSFERSTATUS></FLDTRANSFERSTATUS><FLDTRANSFERFAILUREREASON></FLDTRANSFERFAILUREREASON><FLDTRANSFERTO></FLDTRANSFERTO><FLDACCOUNTSTATUS></FLDACCOUNTSTATUS><FLDACCOUNTSUBSTATUS></FLDACCOUNTSUBSTATUS><FLDSUBIDCOUNT></FLDSUBIDCOUNT><FLDNONRMNIDENTIFIER></FLDNONRMNIDENTIFIER><FLDSUBIDVALIDATED></FLDSUBIDVALIDATED><FLDAPPID>5</FLDAPPID></TBLCALLDETAIL><CTIROOT><CTILASTMENU>0</CTILASTMENU><CTIDESK>DEF</CTIDESK><CTIVAG>BLR</CTIVAG><CTIVQ>BLR</CTIVQ></CTIROOT><TRANSACTIONROOT>0</TRANSACTIONROOT><PGTRANSACTIONROOT>0</PGTRANSACTIONROOT></ROOT>

[2014-08-01 18:29:58.5571] [callDetailId: 532815] INFO:  RetrieveDynamicCallFlowResult Input = LZ_CallFlowID : 11019 LZ_NoOfAttempts : 1 LZ_tempAttempts : 1 LZ_RuleID :  LZ_RuleDescription :  LZ_InputValue : 

[2014-08-01 18:29:58.5581] [callDetailId: 532815] WARN:  RetrieveDynamicCallFlowResult For Loop Error.................... 2

[2014-08-01 18:29:58.5591] [callDetailId: 532815] INFO:  RetrieveDynamicCallFlowResult Output 

[2014-08-01 18:29:58.8831] [callDetailId: ] INFO:  RetrieveWelcomeDetails Input 

[2014-08-01 18:29:58.8871] [callDetailId: ] INFO:  RetrieveWelcomeDetails Output =  LZ_TimePhase : Evening LZ_BACallerType NonPartner LZ_BABrandGreetFlag : Y LZ_BASeasonalGreetFlag : Y

[2014-08-01 18:29:58.9071] [callDetailId: 532816] INFO:  RetrieveRuleResult Input = LZ_CallFlowID : 11001 LZ_BAString : TIME_GREET_FLAG LZ_BAValueString : Evening

[2014-08-01 18:29:58.9081] [callDetailId: 532816] DEBUG:  Evaluate Call Flow Expression cfID : 11001 baArray : [Ljava.lang.String;@74a948ad baValues : [Ljava.lang.String;@15e291b1

[2014-08-01 18:29:58.9091] [callDetailId: 532816] DEBUG:  CallFlowID : 11001 Get Code : MS Get Action : 3,20003 Get Rule Id : 10002 Get Rule Description : n

[2014-08-01 18:29:58.9101] [callDetailId: 532816] DEBUG: Getting DB Connection BLRIVRPRDB

[2014-08-01 18:29:58.9131] [callDetailId: 532816] DEBUG: Created Database Connection Count : 3

[2014-08-01 18:29:58.9281] [callDetailId: 532816] DEBUG: Already Closed DB Connection

[2014-08-01 18:29:58.9281] [callDetailId: 532816] INFO:  strRuleActionResult[0] : MS,1003.wav,1006.wav strRuleActionResult[1] : MS,1,1

[2014-08-01 18:29:58.9291] [callDetailId: 532816] INFO:  RetrieveRuleResult Output = LZ_PromptList : 1003.wav,1006.wav LZ_RoutePoint :  LZ_CallFlowIDList : 1,1 LZ_RuleID : 10002 LZ_RuleDesc : n

[2014-08-01 18:29:58.9571] [callDetailId: 532816] INFO:  CreateDynamicCallFlow Input = LZ_CallFlowType : Prompt LZ_PromptList : 1,1 LZ_RuleID : 10002 LZ_RuleDescription : n

[2014-08-01 18:29:58.9571] [callDetailId: 532816] INFO:  CreateDynamicCallFlow Output = LZ_DynamicCallFlowXML : <CallFlow CDID="532816" RuleID="10002" RuleDesc="n"><Prompt CFID="1">1003.wav</Prompt><Prompt CFID="1">1006.wav</Prompt></CallFlow>

[2014-08-01 18:29:59.1971] [callDetailId: 532815] INFO:  RetrieveDynamicCallFlow Input = LZ_DynamicCallFlowXML : <CallFlow CDID="532815" RuleID=""><Prompt CFID="99">3305.wav</Prompt></CallFlow>

[2014-08-01 18:29:59.1981] [callDetailId: 532815] INFO:  RetrieveDynamicCallFlow Output = LZ_PromptList : 3305.wav LZ_MenuList :  LZ_MenuOptionList :  LZ_MenuOptionPromptList :  LZ_MenuCallFlowIDList :  LZ_CallFlowID : 99 LZ_CallFlowDateTime : 2014-08-01 18:29:59.198 LZ_RuleID :  LZ_AppLanguage : en-IN LZ_RuleDescription : 

[2014-08-01 18:29:59.2731] [callDetailId: 532815] INFO:  RetrieveDynamicCallFlowResult Input = LZ_CallFlowID : 99 LZ_NoOfAttempts : 1 LZ_tempAttempts : 1 LZ_RuleID :  LZ_RuleDescription :  LZ_InputValue : 

[2014-08-01 18:29:59.2741] [callDetailId: 532815] INFO:  RetrieveDynamicCallFlowResult Output 

[2014-08-01 18:29:59.2831] [callDetailId: 532816] INFO:  RetrieveDynamicCallFlow Input = LZ_DynamicCallFlowXML : <CallFlow CDID="532816" RuleID="10002" RuleDesc="n"><Prompt CFID="1">1003.wav</Prompt><Prompt CFID="1">1006.wav</Prompt></CallFlow>

[2014-08-01 18:29:59.2841] [callDetailId: 532816] INFO:  RetrieveDynamicCallFlow Output = LZ_PromptList : 1003.wav,1006.wav LZ_MenuList :  LZ_MenuOptionList :  LZ_MenuOptionPromptList :  LZ_MenuCallFlowIDList :  LZ_CallFlowID : 1 LZ_CallFlowDateTime : 2014-08-01 18:29:59.283 LZ_RuleID : 10002 LZ_AppLanguage : en-IN LZ_RuleDescription : n

[2014-08-01 18:29:59.3031] [callDetailId: 532815] INFO:  SetDisconnectDetails Input 

[2014-08-01 18:29:59.3101] [callDetailId: 532815] INFO:  Update Call Detail Callendtime : 2014-08-01 18:29:59.3101 Languageselected :  Subscriberid :  Subidlist :  Callertype :  Subscribersegment :  Calldisconnectedby : IVR Calldisconnectreason :  Lasttraversedcfdid : 11019 Transferstatus :  Transferfailurereason :  Transferto :  accountStatus :  accountSubStatus :  subIdCount :  nonRmnIdEntifier :  subIdValiDated  cli 8066233150 First Promt Play Time 2014-08-01 18:29:46.148 IVR Exit 

[2014-08-01 18:29:59.3101] [callDetailId: 532815] DEBUG: Getting DB Connection BLRIVRPRDB

[2014-08-01 18:29:59.3131] [callDetailId: 532815] DEBUG: Created Database Connection Count : 3

[2014-08-01 18:29:59.3171] [callDetailId: 532815] DEBUG: Already Closed DB Connection

[2014-08-01 18:29:59.3171] [callDetailId: 532815] INFO:  Update Call Detail Status 1

[2014-08-01 18:29:59.3181] [callDetailId: 532815] INFO:  Call Flow Detail XML Successfully Written to File : 532815

[2014-08-01 18:29:59.3181] [callDetailId: 532815] INFO:  SetDisconnectDetails output 

[2014-08-01 18:29:59.4131] [callDetailId: 532816] INFO:  RetrieveDynamicCallFlowResult Input = LZ_CallFlowID : 1 LZ_NoOfAttempts : 1 LZ_tempAttempts : 1 LZ_RuleID : 10002 LZ_RuleDescription : n LZ_InputValue : ,NoInput,NoInput

[2014-08-01 18:29:59.4131] [callDetailId: 532816] WARN:  RetrieveDynamicCallFlowResult For Loop Error.................... 3

[2014-08-01 18:29:59.4141] [callDetailId: 532816] INFO:  RetrieveDynamicCallFlowResult Output 

[2014-08-01 18:30:02.0661] [callDetailId: 532816] INFO:  RetrieveRuleResult Input = LZ_CallFlowID : 11002 LZ_BAString : CALLER_TYPE,BRAND_GREET_FLAG LZ_BAValueString : NonPartner,Y

[2014-08-01 18:30:02.0661] [callDetailId: 532816] DEBUG:  Evaluate Call Flow Expression cfID : 11002 baArray : [Ljava.lang.String;@7bdd961a baValues : [Ljava.lang.String;@10a9c47e

[2014-08-01 18:30:02.0681] [callDetailId: 532816] INFO:  RetrieveRuleResult Output = LZ_PromptList :  LZ_RoutePoint :  LZ_CallFlowIDList :  LZ_RuleID :  LZ_RuleDesc : 

[2014-08-01 18:30:02.0891] [callDetailId: 532816] INFO:  RetrieveRuleResult Input = LZ_CallFlowID : 11003 LZ_BAString : CALLER_TYPE,SEASONAL_GREET_FLAG LZ_BAValueString : NonPartner,Y

[2014-08-01 18:30:02.0891] [callDetailId: 532816] DEBUG:  Evaluate Call Flow Expression cfID : 11003 baArray : [Ljava.lang.String;@79a334bd baValues : [Ljava.lang.String;@49dba2ae

[2014-08-01 18:30:02.0901] [callDetailId: 532816] INFO:  RetrieveRuleResult Output = LZ_PromptList :  LZ_RoutePoint :  LZ_CallFlowIDList :  LZ_RuleID :  LZ_RuleDesc : 

[2014-08-01 18:30:02.4191] [callDetailId: ] ERROR:  RetrieveCallerDetails INPUT : LZ_CallFlowDetailXML : <ROOT><BA_ROOT><BA_APP_LANGUAGE>en-IN</BA_APP_LANGUAGE><BA_SELECTED_LANGUAGE></BA_SELECTED_LANGUAGE><BA_CALLER_TYPE>NonPartner</BA_CALLER_TYPE><BA_PARTNER_TYPE></BA_PARTNER_TYPE><BA_PARTNER_ID></BA_PARTNER_ID><BA_PRIMARY_LANGUAGE></BA_PRIMARY_LANGUAGE><BA_PARTNER_ACCOUNT_STATUS></BA_PARTNER_ACCOUNT_STATUS><BA_STATE></BA_STATE><BA_PIN_CODE></BA_PIN_CODE><BA_PARTNER_REPEAT_COUNT></BA_PARTNER_REPEAT_COUNT><BA_DEFAULT_LANGUAGE>English</BA_DEFAULT_LANGUAGE><BA_PARTNER_TYPE></BA_PARTNER_TYPE><BA_PARTNER_ID></BA_PARTNER_ID><BA_PRIMARY_LANGUAGE></BA_PRIMARY_LANGUAGE><BA_PARTNER_ACCOUNT_STATUS></BA_PARTNER_ACCOUNT_STATUS><BA_STATE></BA_STATE><BA_PIN_CODE></BA_PIN_CODE><BA_PARTNER_REPEAT_COUNT></BA_PARTNER_REPEAT_COUNT><BA_TELECOM_CIRCLE>Andhra Pradesh</BA_TELECOM_CIRCLE><BA_LANG_CODE>8,2,1</BA_LANG_CODE><BA_DEFAULT_LANGUAGE>English</BA_DEFAULT_LANGUAGE></BA_ROOT><TBLCALLDETAIL><FLDCALLDETAILID>532816</FLDCALLDETAILID><FLDUUID>0252JELG9C9ST31Q7C0182LAES005OLN</FLDUUID><FLDCONNECTIONID>0252JELG9C9ST31Q7C0182LAES005OLN</FLDCONNECTIONID><FLDSESSIONID>8D565000-3404-C6B5-05A7-6E4B7232245D;gvp.rm.datanodes=2|1;gvp.rm.tenant-id=101_CCT_PartnerIVR_V1.0</FLDSESSIONID><FLDCLI>9538269996</FLDCLI><FLDDNIS>49432201</FLDDNIS><FLDCALLTYPEID>0</FLDCALLTYPEID><FLDCALLSTARTTIME>2014-08-01 18:29:57.8481</FLDCALLSTARTTIME><FLDCALLENDTIME>2014-08-01 18:29:57.8481</FLDCALLENDTIME><FLDLANGUAGESELECTED></FLDLANGUAGESELECTED><FLDSUBSCRIBERID></FLDSUBSCRIBERID><FLDSUBIDLIST></FLDSUBIDLIST><FLDCALLERTYPE></FLDCALLERTYPE><FLDSUBSCRIBERSEGMENT></FLDSUBSCRIBERSEGMENT><FLDCALLDISCONNECTEDBY></FLDCALLDISCONNECTEDBY><FLDCALLDISCONNECTREASON></FLDCALLDISCONNECTREASON><FLDLASTTRAVERSEDCALLFLOWDETAILID></FLDLASTTRAVERSEDCALLFLOWDETAILID><FLDTRANSFERSTATUS></FLDTRANSFERSTATUS><FLDTRANSFERFAILUREREASON></FLDTRANSFERFAILUREREASON><FLDTRANSFERTO></FLDTRANSFERTO><FLDACCOUNTSTATUS></FLDACCOUNTSTATUS><FLDACCOUNTSUBSTATUS></FLDACCOUNTSUBSTATUS><FLDSUBIDCOUNT></FLDSUBIDCOUNT><FLDNONRMNIDENTIFIER></FLDNONRMNIDENTIFIER><FLDSUBIDVALIDATED></FLDSUBIDVALIDATED><FLDAPPID>5</FLDAPPID></TBLCALLDETAIL><CTIROOT><CTILASTMENU>901</CTILASTMENU><CTIDESK>DEF</CTIDESK><CTIVAG>BLR</CTIVAG><CTIVQ>BLR</CTIVQ></CTIROOT><TRANSACTIONROOT>0</TRANSACTIONROOT><PGTRANSACTIONROOT>0</PGTRANSACTIONROOT><TBLCALLFLOWDETAIL><FLDCALLDETAILID>532816</FLDCALLDETAILID><FLDCALLFLOWID>1</FLDCALLFLOWID><FLDCALLFLOWDATETIME>2014-08-01 18:29:59.283</FLDCALLFLOWDATETIME><FLDCALLFLOWFIRSTINPUTSTARTDATETIME></FLDCALLFLOWFIRSTINPUTSTARTDATETIME><FLDCALLFLOWFIRSTINPUTENDDATETIME></FLDCALLFLOWFIRSTINPUTENDDATETIME><FLDFIRSTINPUTID>901</FLDFIRSTINPUTID><FLDFIRSTINPUTVALUE>NoInput</FLDFIRSTINPUTVALUE><FLDCALLFLOWSECONDINPUTSTARTDATETIME></FLDCALLFLOWSECONDINPUTSTARTDATETIME><FLDCALLFLOWSECONDINPUTENDDATETIME></FLDCALLFLOWSECONDINPUTENDDATETIME><FLDSECONDINPUTID>901</FLDSECONDINPUTID><FLDSECONDINPUTVALUE>NoInput</FLDSECONDINPUTVALUE><FLDCALLFLOWTHIRDINPUTSTARTDATETIME></FLDCALLFLOWTHIRDINPUTSTARTDATETIME><FLDCALLFLOWTHIRDINPUTENDDATETIME></FLDCALLFLOWTHIRDINPUTENDDATETIME><FLDTHIRDINPUTID></FLDTHIRDINPUTID><FLDTHIRDINPUTVALUE></FLDTHIRDINPUTVALUE><FLDNOOFATTEMPTS>1</FLDNOOFATTEMPTS><FLDRULEID>10002</FLDRULEID><FLDISSUCCESS>Y</FLDISSUCCESS><FLDRULEDESC>n</FLDRULEDESC></TBLCALLFLOWDETAIL></ROOT>

[2014-08-01 18:30:02.4221] [callDetailId: ] ERROR:  RetrieveCallerDetails OUTPUT : BA_CALLER_TYPE : NonPartner BA_PARTNER_ACCOUNT_STATUS :  BA_SELECTED_LANGUAGE :  LZ_BAPrimary_Language :

[2014-08-01 18:30:02.7601] [callDetailId: 532816] INFO:  RetrieveDynamicCallFlow Input = LZ_DynamicCallFlowXML : <CallFlow CDID="532816" RuleID=""><Prompt CFID="11019">5020.wav</Prompt><Menu CFID="910">7030.wav</Menu></CallFlow>

[2014-08-01 18:30:02.7621] [callDetailId: 532816] INFO:  RetrieveDynamicCallFlow Output = LZ_PromptList : 5020.wav LZ_MenuList : 7220.wav,7030.wav LZ_MenuOptionList : ,# LZ_MenuOptionPromptList : 7220.wav,7011.wav LZ_MenuCallFlowIDList : ,910 LZ_CallFlowID : 11019 LZ_CallFlowDateTime : 2014-08-01 18:30:02.760 LZ_RuleID :  LZ_AppLanguage : en-IN LZ_RuleDescription : 

[2014-08-01 18:31:54.6311] [callDetailId: ] ERROR:  Exception in RetrieveCallerProfile Page : null

[2014-08-01 18:31:54.6311] [callDetailId: ] INFO: Retrieve Caller Profile output = LZ_LanguageFromAgent:   LZ_RMNFromAgent :  LZ_TelecomCircle :   GZ_CallFlowDetailXML : 

[2014-08-01 18:57:33.1991] [callDetailId: 21] INFO: Input Values dbCallDetailId : 21 callerType : fProspect DNIS : 66697504 state : TamilNadu

[2014-08-01 18:57:33.2001] [callDetailId: 21] INFO: DataCenter from Sample_Telecom.jsp : BLR

[2014-08-01 18:57:33.2001] [callDetailId: 21] INFO: From Sample_Telecom.jsp : set BLRIVRPRDB as PoolDataSource

[2014-08-01 18:57:33.2001] [callDetailId: 21] INFO: SampleTelecom.jsp:  Input for Stored Procedure Prospect : null State : TamilNadu DNIS  : 0

[2014-08-01 18:57:33.2011] [callDetailId: 21] DEBUG: Getting DB Connection BLRIVRPRDB

[2014-08-01 18:57:33.2041] [callDetailId: 21] DEBUG: Created Database Connection Count : 3

[2014-08-01 18:57:33.2051] [callDetailId: SampleTelecom.jsp: ] INFO: ----------1--------

[2014-08-01 18:57:33.2721] [callDetailId: 21] DEBUG: Already Closed DB Connection

[2014-08-01 19:07:50.2781] [callDetailId: 21] INFO: DataCenter from Sample_Telecom.jsp : BLR

[2014-08-01 19:07:50.2791] [callDetailId: 21] INFO: From Sample_Telecom.jsp : set BLRIVRPRDB as PoolDataSource

[2014-08-01 19:07:50.2791] [callDetailId: 21] INFO: SampleTelecom.jsp:  Input for Stored Procedure Prospect : null State :  DNIS  : 0

[2014-08-01 19:07:50.2801] [callDetailId: 21] DEBUG: Getting DB Connection BLRIVRPRDB

[2014-08-01 19:07:50.2831] [callDetailId: 21] DEBUG: Created Database Connection Count : 3

[2014-08-01 19:07:50.2901] [callDetailId: 21] DEBUG: Already Closed DB Connection

[2014-08-01 19:10:28.4431] [callDetailId: 21] INFO: DataCenter from Sample_Telecom.jsp : BLR

[2014-08-01 19:10:28.4431] [callDetailId: 21] INFO: From Sample_Telecom.jsp : set BLRIVRPRDB as PoolDataSource

[2014-08-01 19:10:28.4441] [callDetailId: 21] INFO: SampleTelecom.jsp:  Input for Stored Procedure Prospect : null State :  DNIS  : 0

[2014-08-01 19:10:28.4451] [callDetailId: 21] DEBUG: Getting DB Connection BLRIVRPRDB

[2014-08-01 19:10:28.4501] [callDetailId: 21] DEBUG: Created Database Connection Count : 3

[2014-08-01 19:10:28.4881] [callDetailId: 21] DEBUG: Already Closed DB Connection

[2014-08-01 19:10:59.8471] [callDetailId: 21] INFO: DataCenter from Sample_Telecom.jsp : BLR

[2014-08-01 19:10:59.8471] [callDetailId: 21] INFO: From Sample_Telecom.jsp : set BLRIVRPRDB as PoolDataSource

[2014-08-01 19:10:59.8481] [callDetailId: 21] INFO: SampleTelecom.jsp:  Input for Stored Procedure Prospect : null State :  DNIS  : 0

[2014-08-01 19:10:59.8481] [callDetailId: 21] DEBUG: Getting DB Connection BLRIVRPRDB

[2014-08-01 19:10:59.8521] [callDetailId: 21] DEBUG: Created Database Connection Count : 3

[2014-08-01 19:10:59.8591] [callDetailId: 21] DEBUG: Already Closed DB Connection

[2014-08-01 19:12:44.5091] [callDetailId: 21] INFO: DataCenter from Sample_Telecom.jsp : BLR

[2014-08-01 19:12:44.5101] [callDetailId: 21] INFO: From Sample_Telecom.jsp : set BLRIVRPRDB as PoolDataSource

[2014-08-01 19:12:44.5111] [callDetailId: 21] INFO: SampleTelecom.jsp:  Input for Stored Procedure Prospect : null State :  DNIS  : 0

[2014-08-01 19:12:44.5111] [callDetailId: 21] DEBUG: Getting DB Connection BLRIVRPRDB

[2014-08-01 19:12:44.5161] [callDetailId: 21] DEBUG: Created Database Connection Count : 3

[2014-08-01 19:12:44.5221] [callDetailId: 21] DEBUG: Already Closed DB Connection

[2014-08-01 19:26:00.7711] [callDetailId: ] INFO: Log Rotate timer is waiting to start the service at 12 AM

[2014-08-01 19:33:37.6991] [callDetailId: 2222] INFO: DataCenter from Sample_Telecom.jsp : BLR

[2014-08-01 19:33:37.7001] [callDetailId: 2222] INFO: From Sample_Telecom.jsp : set BLRIVRPRDB as PoolDataSource

[2014-08-01 19:33:37.7001] [callDetailId: SampleTelecom.jsp: ] INFO: ----------1--------

[2014-08-01 19:33:37.7001] [callDetailId: 2222] DEBUG: Getting DB Connection BLRIVRPRDB

[2014-08-01 19:33:37.7051] [callDetailId: 2222] DEBUG: Created Database Connection Count : 3

[2014-08-01 19:33:37.7061] [callDetailId: SampleTelecom.jsp: ] INFO: ----------2--------

[2014-08-01 19:33:37.7081] [callDetailId: 2222] DEBUG: Already Closed DB Connection

[2014-08-01 19:34:42.6101] [callDetailId: 2222] INFO: DataCenter from Sample_Telecom.jsp : BLR

[2014-08-01 19:34:42.6101] [callDetailId: 2222] INFO: From Sample_Telecom.jsp : set BLRIVRPRDB as PoolDataSource

[2014-08-01 19:34:42.6111] [callDetailId: SampleTelecom.jsp: ] INFO: ----------1--------

[2014-08-01 19:34:42.6111] [callDetailId: 2222] DEBUG: Getting DB Connection BLRIVRPRDB

[2014-08-01 19:34:42.6141] [callDetailId: 2222] DEBUG: Created Database Connection Count : 3

[2014-08-01 19:34:42.6151] [callDetailId: SampleTelecom.jsp: ] INFO: ----------2--------

[2014-08-01 19:34:42.6151] [callDetailId: SampleTelecom.jsp: ] INFO: ----------3--------

[2014-08-01 19:34:42.6271] [callDetailId: 2222] DEBUG: Already Closed DB Connection

[2014-08-01 19:44:59.5651] [callDetailId: 2222] INFO: DataCenter from Sample_Telecom.jsp : BLR

[2014-08-01 19:44:59.5651] [callDetailId: 2222] INFO: From Sample_Telecom.jsp : set BLRIVRPRDB as PoolDataSource

[2014-08-01 19:44:59.5661] [callDetailId: SampleTelecom.jsp: ] INFO: ----------1--------

[2014-08-01 19:44:59.5661] [callDetailId: 2222] DEBUG: Getting DB Connection BLRIVRPRDB

[2014-08-01 19:44:59.5691] [callDetailId: 2222] DEBUG: Created Database Connection Count : 3

[2014-08-01 19:44:59.5691] [callDetailId: SampleTelecom.jsp: ] INFO: ----------2--------

[2014-08-01 19:44:59.5701] [callDetailId: SampleTelecom.jsp: ] INFO: ----------3--------

[2014-08-01 19:44:59.5781] [callDetailId: SampleTelecom.jsp: ] INFO: ----------4--------

[2014-08-01 19:44:59.5791] [callDetailId: 2222] DEBUG: Already Closed DB Connection

[2014-08-01 19:46:44.3191] [callDetailId: 2222] INFO: DataCenter from Sample_Telecom.jsp : BLR

[2014-08-01 19:46:44.3191] [callDetailId: 2222] INFO: From Sample_Telecom.jsp : set BLRGGPRDB as PoolDataSource

[2014-08-01 19:46:44.3191] [callDetailId: SampleTelecom.jsp: ] INFO: ----------1--------

[2014-08-01 19:46:44.3201] [callDetailId: 2222] DEBUG: Getting DB Connection BLRGGPRDB

[2014-08-01 19:46:44.3231] [callDetailId: 2222] DEBUG: Created Database Connection Count : 3

[2014-08-01 19:46:44.3241] [callDetailId: SampleTelecom.jsp: ] INFO: ----------2--------

[2014-08-01 19:46:44.3241] [callDetailId: SampleTelecom.jsp: ] INFO: ----------3--------

[2014-08-01 19:46:44.5741] [callDetailId: SampleTelecom.jsp: ] INFO: ----------4--------

[2014-08-01 19:46:44.5811] [callDetailId: 2222] DEBUG: Already Closed DB Connection

[2014-08-01 19:56:31.9121] [callDetailId: 2222] INFO: DataCenter from Sample_Telecom.jsp : BLR

[2014-08-01 19:56:31.9121] [callDetailId: 2222] INFO: From Sample_Telecom.jsp : set BLRGGPRDB as PoolDataSource

[2014-08-01 19:56:31.9121] [callDetailId: SampleTelecom.jsp: ] INFO: ----------1--------

[2014-08-01 19:56:31.9131] [callDetailId: 2222] DEBUG: Getting DB Connection BLRGGPRDB

[2014-08-01 19:56:31.9161] [callDetailId: 2222] DEBUG: Created Database Connection Count : 3

[2014-08-01 19:56:31.9171] [callDetailId: SampleTelecom.jsp: ] INFO: ----------2--------

[2014-08-01 19:56:31.9171] [callDetailId: SampleTelecom.jsp: ] INFO: ----------3--------

[2014-08-01 19:56:31.9521] [callDetailId: SampleTelecom.jsp: ] INFO: ----------4--------

[2014-08-01 19:56:31.9541] [callDetailId: 2222] DEBUG: Already Closed DB Connection

[2014-08-01 19:57:20.0451] [callDetailId: 2222] INFO: DataCenter from Sample_Telecom.jsp : BLR

[2014-08-01 19:57:20.0451] [callDetailId: 2222] INFO: From Sample_Telecom.jsp : set BLRGGPRDB as PoolDataSource

[2014-08-01 19:57:20.0461] [callDetailId: SampleTelecom.jsp: ] INFO: ----------1--------

[2014-08-01 19:57:20.0461] [callDetailId: 2222] DEBUG: Getting DB Connection BLRGGPRDB

[2014-08-01 19:57:20.0501] [callDetailId: 2222] DEBUG: Created Database Connection Count : 3

[2014-08-01 19:57:20.0501] [callDetailId: SampleTelecom.jsp: ] INFO: ----------2--------

[2014-08-01 19:57:20.0511] [callDetailId: SampleTelecom.jsp: ] INFO: ----------3--------

[2014-08-01 19:57:20.0691] [callDetailId: SampleTelecom.jsp: ] INFO: ----------4--------

[2014-08-01 19:57:20.0731] [callDetailId: 2222] DEBUG: Already Closed DB Connection

[2014-08-01 20:01:54.9711] [callDetailId: 2222] INFO: DataCenter from Sample_Telecom.jsp : BLR

[2014-08-01 20:01:54.9711] [callDetailId: 2222] INFO: From Sample_Telecom.jsp : set BLRGGPRDB as PoolDataSource

[2014-08-01 20:01:54.9721] [callDetailId: SampleTelecom.jsp: ] INFO: ----------1--------

[2014-08-01 20:01:54.9721] [callDetailId: 2222] DEBUG: Getting DB Connection BLRGGPRDB

[2014-08-01 20:01:54.9751] [callDetailId: 2222] DEBUG: Created Database Connection Count : 3

[2014-08-01 20:01:54.9751] [callDetailId: SampleTelecom.jsp: ] INFO: ----------2--------

[2014-08-01 20:01:54.9761] [callDetailId: SampleTelecom.jsp: ] INFO: ----------3--------

[2014-08-01 20:01:54.9841] [callDetailId: SampleTelecom.jsp: ] INFO: ----------4--------

[2014-08-01 20:01:54.9851] [callDetailId: 2222] DEBUG: Already Closed DB Connection

[2014-08-01 20:04:29.2101] [callDetailId: 2222] INFO: DataCenter from Sample_Telecom.jsp : BLR

[2014-08-01 20:04:29.2111] [callDetailId: 2222] INFO: From Sample_Telecom.jsp : set BLRGGPRDB as PoolDataSource

[2014-08-01 20:04:29.2111] [callDetailId: SampleTelecom.jsp: ] INFO: ----------1--------

[2014-08-01 20:04:29.2111] [callDetailId: 2222] DEBUG: Getting DB Connection BLRGGPRDB

[2014-08-01 20:04:29.2141] [callDetailId: 2222] DEBUG: Created Database Connection Count : 3

[2014-08-01 20:04:29.2141] [callDetailId: SampleTelecom.jsp: ] INFO: ----------2--------

[2014-08-01 20:04:29.2151] [callDetailId: SampleTelecom.jsp: ] INFO: ----------3--------

[2014-08-01 20:04:29.2441] [callDetailId: SampleTelecom.jsp: ] INFO: ----------4--------

[2014-08-01 20:04:29.2461] [callDetailId: 2222] DEBUG: Already Closed DB Connection

[2014-08-01 20:04:31.1851] [callDetailId: 2222] INFO: DataCenter from Sample_Telecom.jsp : BLR

[2014-08-01 20:04:31.1861] [callDetailId: 2222] INFO: From Sample_Telecom.jsp : set BLRGGPRDB as PoolDataSource

[2014-08-01 20:04:31.1861] [callDetailId: SampleTelecom.jsp: ] INFO: ----------1--------

[2014-08-01 20:04:31.1871] [callDetailId: 2222] DEBUG: Getting DB Connection BLRGGPRDB

[2014-08-01 20:04:31.1901] [callDetailId: 2222] DEBUG: Created Database Connection Count : 3

[2014-08-01 20:04:31.1911] [callDetailId: SampleTelecom.jsp: ] INFO: ----------2--------

[2014-08-01 20:04:31.1911] [callDetailId: SampleTelecom.jsp: ] INFO: ----------3--------

[2014-08-01 20:04:31.1981] [callDetailId: SampleTelecom.jsp: ] INFO: ----------4--------

[2014-08-01 20:04:31.1991] [callDetailId: 2222] DEBUG: Already Closed DB Connection

[2014-08-01 20:06:14.9601] [callDetailId: 2222] INFO: DataCenter from Sample_Telecom.jsp : BLR

[2014-08-01 20:06:14.9611] [callDetailId: 2222] INFO: From Sample_Telecom.jsp : set BLRGGPRDB as PoolDataSource

[2014-08-01 20:06:14.9611] [callDetailId: SampleTelecom.jsp: ] INFO: ----------1--------

[2014-08-01 20:06:14.9611] [callDetailId: 2222] DEBUG: Getting DB Connection BLRGGPRDB

[2014-08-01 20:06:14.9641] [callDetailId: 2222] DEBUG: Created Database Connection Count : 3

[2014-08-01 20:06:14.9651] [callDetailId: SampleTelecom.jsp: ] INFO: ----------2--------

[2014-08-01 20:06:14.9651] [callDetailId: SampleTelecom.jsp: ] INFO: ----------3--------

[2014-08-01 20:06:14.9731] [callDetailId: SampleTelecom.jsp: ] INFO: ----------4--------

[2014-08-01 20:06:14.9741] [callDetailId: 2222] DEBUG: Already Closed DB Connection

[2014-08-01 20:06:16.4991] [callDetailId: 2222] INFO: DataCenter from Sample_Telecom.jsp : BLR

[2014-08-01 20:06:16.5001] [callDetailId: 2222] INFO: From Sample_Telecom.jsp : set BLRGGPRDB as PoolDataSource

[2014-08-01 20:06:16.5001] [callDetailId: SampleTelecom.jsp: ] INFO: ----------1--------

[2014-08-01 20:06:16.5011] [callDetailId: 2222] DEBUG: Getting DB Connection BLRGGPRDB

[2014-08-01 20:06:16.5041] [callDetailId: 2222] DEBUG: Created Database Connection Count : 3

[2014-08-01 20:06:16.5041] [callDetailId: SampleTelecom.jsp: ] INFO: ----------2--------

[2014-08-01 20:06:16.5051] [callDetailId: SampleTelecom.jsp: ] INFO: ----------3--------

[2014-08-01 20:06:16.5111] [callDetailId: SampleTelecom.jsp: ] INFO: ----------4--------

[2014-08-01 20:06:16.5121] [callDetailId: 2222] DEBUG: Already Closed DB Connection

[2014-08-01 20:08:16.5691] [callDetailId: 2222] INFO: DataCenter from Sample_Telecom.jsp : PUN

[2014-08-01 20:08:16.5701] [callDetailId: 2222] INFO: From Sample_Telecom.jsp : set PUNGGPRDB as PoolDataSource

[2014-08-01 20:08:16.5701] [callDetailId: SampleTelecom.jsp: ] INFO: ----------1--------

[2014-08-01 20:08:16.5711] [callDetailId: 2222] DEBUG: Getting DB Connection PUNGGPRDB

[2014-08-01 20:08:18.5671] [callDetailId: 2222] DEBUG: Created Database Connection Count : 4

[2014-08-01 20:08:18.5681] [callDetailId: SampleTelecom.jsp: ] INFO: ----------2--------

[2014-08-01 20:08:18.5691] [callDetailId: SampleTelecom.jsp: ] INFO: ----------3--------

[2014-08-01 20:08:18.5901] [callDetailId: SampleTelecom.jsp: ] INFO: ----------4--------

[2014-08-01 20:08:18.6261] [callDetailId: 2222] DEBUG: Already Closed DB Connection

[2014-08-01 20:08:20.8171] [callDetailId: 2222] INFO: DataCenter from Sample_Telecom.jsp : PUN

[2014-08-01 20:08:20.8181] [callDetailId: 2222] INFO: From Sample_Telecom.jsp : set PUNGGPRDB as PoolDataSource

[2014-08-01 20:08:20.8181] [callDetailId: SampleTelecom.jsp: ] INFO: ----------1--------

[2014-08-01 20:08:20.8191] [callDetailId: 2222] DEBUG: Getting DB Connection PUNGGPRDB

[2014-08-01 20:08:20.8651] [callDetailId: 2222] DEBUG: Created Database Connection Count : 4

[2014-08-01 20:08:20.8661] [callDetailId: SampleTelecom.jsp: ] INFO: ----------2--------

[2014-08-01 20:08:20.8671] [callDetailId: SampleTelecom.jsp: ] INFO: ----------3--------

[2014-08-01 20:08:20.8881] [callDetailId: SampleTelecom.jsp: ] INFO: ----------4--------

[2014-08-01 20:08:20.9111] [callDetailId: 2222] DEBUG: Already Closed DB Connection

[2014-08-01 20:08:41.9141] [callDetailId: 2222] INFO: DataCenter from Sample_Telecom.jsp : PUN

[2014-08-01 20:08:41.9151] [callDetailId: 2222] INFO: From Sample_Telecom.jsp : set PUNGGPRDB as PoolDataSource

[2014-08-01 20:08:41.9161] [callDetailId: SampleTelecom.jsp: ] INFO: ----------1--------

[2014-08-01 20:08:41.9171] [callDetailId: 2222] DEBUG: Getting DB Connection PUNGGPRDB

[2014-08-01 20:08:41.9781] [callDetailId: 2222] DEBUG: Created Database Connection Count : 4

[2014-08-01 20:08:41.9781] [callDetailId: SampleTelecom.jsp: ] INFO: ----------2--------

[2014-08-01 20:08:41.9791] [callDetailId: SampleTelecom.jsp: ] INFO: ----------3--------

[2014-08-01 20:08:42.0141] [callDetailId: SampleTelecom.jsp: ] INFO: ----------4--------

[2014-08-01 20:08:42.0541] [callDetailId: 2222] DEBUG: Already Closed DB Connection

[2014-08-01 20:10:15.9681] [callDetailId: 2222] INFO: DataCenter from Sample_Telecom.jsp : BLR

[2014-08-01 20:10:15.9681] [callDetailId: 2222] INFO: From Sample_Telecom.jsp : set BLRGGPRDB as PoolDataSource

[2014-08-01 20:10:15.9691] [callDetailId: SampleTelecom.jsp: ] INFO: ----------1--------

[2014-08-01 20:10:15.9691] [callDetailId: 2222] DEBUG: Getting DB Connection BLRGGPRDB

[2014-08-01 20:10:15.9721] [callDetailId: 2222] DEBUG: Created Database Connection Count : 3

[2014-08-01 20:10:15.9721] [callDetailId: SampleTelecom.jsp: ] INFO: ----------2--------

[2014-08-01 20:10:15.9731] [callDetailId: SampleTelecom.jsp: ] INFO: ----------3--------

[2014-08-01 20:10:15.9901] [callDetailId: SampleTelecom.jsp: ] INFO: ----------4--------

[2014-08-01 20:10:15.9951] [callDetailId: 2222] DEBUG: Already Closed DB Connection

[2014-08-01 20:10:18.7031] [callDetailId: 2222] INFO: DataCenter from Sample_Telecom.jsp : BLR

[2014-08-01 20:10:18.7041] [callDetailId: 2222] INFO: From Sample_Telecom.jsp : set BLRGGPRDB as PoolDataSource

[2014-08-01 20:10:18.7051] [callDetailId: SampleTelecom.jsp: ] INFO: ----------1--------

[2014-08-01 20:10:18.7051] [callDetailId: 2222] DEBUG: Getting DB Connection BLRGGPRDB

[2014-08-01 20:10:18.7081] [callDetailId: 2222] DEBUG: Created Database Connection Count : 3

[2014-08-01 20:10:18.7091] [callDetailId: SampleTelecom.jsp: ] INFO: ----------2--------

[2014-08-01 20:10:18.7101] [callDetailId: SampleTelecom.jsp: ] INFO: ----------3--------

[2014-08-01 20:10:18.7211] [callDetailId: SampleTelecom.jsp: ] INFO: ----------4--------

[2014-08-01 20:10:18.7261] [callDetailId: 2222] DEBUG: Already Closed DB Connection

[2014-08-01 20:14:11.4161] [callDetailId: 2222] INFO: DataCenter from Sample_Telecom.jsp : PUN

[2014-08-01 20:14:11.4161] [callDetailId: 2222] INFO: From Sample_Telecom.jsp : set PUNGGPRDB as PoolDataSource

[2014-08-01 20:14:11.4161] [callDetailId: SampleTelecom.jsp: ] INFO: ----------1--------

[2014-08-01 20:14:11.4171] [callDetailId: 2222] DEBUG: Getting DB Connection PUNGGPRDB

[2014-08-01 20:14:11.4581] [callDetailId: 2222] DEBUG: Created Database Connection Count : 3

[2014-08-01 20:14:11.4591] [callDetailId: SampleTelecom.jsp: ] INFO: ----------2--------

[2014-08-01 20:14:11.4601] [callDetailId: SampleTelecom.jsp: ] INFO: ----------3--------

[2014-08-01 20:14:11.4811] [callDetailId: SampleTelecom.jsp: ] INFO: ----------4--------

[2014-08-01 20:14:11.5521] [callDetailId: 2222] DEBUG: Already Closed DB Connection

[2014-08-01 20:16:54.8081] [callDetailId: ] INFO: InsertIntoCallDetail Input = UsrANI : 9538269996 UsrDNIS : 49432201 UsrCallSessionID :8D565000-3404-C8C4-1DC0-6970B875AEC5;gvp.rm.datanodes=2|1;gvp.rm.tenant-id=101_CCT_PartnerIVR_V1.0 UsrCallUUID : 0252JELG9C9ST31Q7C0182LAES005RAV CallTypeID : 0 Date : 2014-08-01 20:16:54.8071LZ_DefaultLanguage : English

[2014-08-01 20:16:54.8091] [callDetailId: ] DEBUG: Getting DB Connection BLRIVRPRDB

[2014-08-01 20:16:54.8131] [callDetailId: ] DEBUG: Created Database Connection Count : 3

[2014-08-01 20:16:54.8261] [callDetailId: 532821] DEBUG: Already Closed DB Connection

[2014-08-01 20:16:54.8271] [callDetailId: 532821] INFO: Cli : 9538269996iDNIS : 49432201UUID : 0252JELG9C9ST31Q7C0182LAES005RAVConnection Id : 0252JELG9C9ST31Q7C0182LAES005RAVSession Id : 8D565000-3404-C8C4-1DC0-6970B875AEC5;gvp.rm.datanodes=2|1;gvp.rm.tenant-id=101_CCT_PartnerIVR_V1.0CallType Id : 0 Time Stamp : 2014-08-01 20:16:54.8071 Call Detail ID : 532821 Call Type : 5

[2014-08-01 20:16:54.8281] [callDetailId: 532821] INFO: InsertIntoCallDetail output = NonBusinessHoursFlag : Y

[2014-08-01 20:16:54.8561] [callDetailId: 532821] DEBUG: Getting DB Connection BLRGGPRDB

[2014-08-01 20:16:54.8611] [callDetailId: 532821] DEBUG: Created Database Connection Count : 3

[2014-08-01 20:16:54.9511] [callDetailId: 532821] ERROR:  SQL Exception in Partner Detail Mobile Page Id : 9845005261 Message : ORA-08103: object no longer exists


[2014-08-01 20:16:54.9521] [callDetailId: 532821] DEBUG: Already Closed DB Connection

[2014-08-01 20:16:54.9531] [callDetailId: 532821] INFO:  Partner Detail Mobile  Id : 9845005261 partnerType : null partnerId : null tslPrimaryLanguage : null status : null state : null zipcode : null

[2014-08-01 20:16:54.9531] [callDetailId: 532821] INFO:  Partner Mobile : 9845005261 Get Partner Detail Mobile <BA_PARTNER_TYPE></BA_PARTNER_TYPE><BA_PARTNER_ID></BA_PARTNER_ID><BA_PRIMARY_LANGUAGE></BA_PRIMARY_LANGUAGE><BA_PARTNER_ACCOUNT_STATUS></BA_PARTNER_ACCOUNT_STATUS><BA_STATE></BA_STATE><BA_PIN_CODE></BA_PIN_CODE><BA_PARTNER_REPEAT_COUNT></BA_PARTNER_REPEAT_COUNT>

[2014-08-01 20:16:54.9561] [callDetailId: 532821] INFO: Input Values dbCallDetailId : 532821 callerType :  DNIS : 49432201 state : 

[2014-08-01 20:16:54.9571] [callDetailId: 532821] INFO: DataCenter : BLR

[2014-08-01 20:16:54.9571] [callDetailId: 532821] INFO: Input for Stored Procedure Prospect : D State : null DNIS  : 49432201

[2014-08-01 20:16:54.9581] [callDetailId: 532821] DEBUG: Getting DB Connection BLRIVRPRDB

[2014-08-01 20:16:54.9611] [callDetailId: 532821] DEBUG: Created Database Connection Count : 3

[2014-08-01 20:16:54.9631] [callDetailId: 532821] INFO: OutPut telecomCircle : Andhra Pradesh langCode : 8,2,1

[2014-08-01 20:16:54.9631] [callDetailId: 532821] DEBUG: Already Closed DB Connection

[2014-08-01 20:16:54.9631] [callDetailId: 532821] INFO:  Get Telecom Circle Xml : <BA_TELECOM_CIRCLE>Andhra Pradesh</BA_TELECOM_CIRCLE><BA_LANG_CODE>8,2,1</BA_LANG_CODE>

[2014-08-01 20:16:54.9651] [callDetailId: 532821] INFO: Retrieve Caller Profile output = LZ_LanguageFromAgent:   LZ_RMNFromAgent :  LZ_TelecomCircle : Andhra Pradesh  GZ_CallFlowDetailXML : <ROOT><BA_ROOT><BA_CALLER_TYPE>NonPartner</BA_CALLER_TYPE><BA_PARTNER_TYPE></BA_PARTNER_TYPE><BA_PARTNER_ID></BA_PARTNER_ID><BA_PRIMARY_LANGUAGE></BA_PRIMARY_LANGUAGE><BA_PARTNER_ACCOUNT_STATUS></BA_PARTNER_ACCOUNT_STATUS><BA_STATE></BA_STATE><BA_PIN_CODE></BA_PIN_CODE><BA_PARTNER_REPEAT_COUNT></BA_PARTNER_REPEAT_COUNT><BA_DEFAULT_LANGUAGE>English</BA_DEFAULT_LANGUAGE><BA_PARTNER_TYPE></BA_PARTNER_TYPE><BA_PARTNER_ID></BA_PARTNER_ID><BA_PRIMARY_LANGUAGE></BA_PRIMARY_LANGUAGE><BA_PARTNER_ACCOUNT_STATUS></BA_PARTNER_ACCOUNT_STATUS><BA_STATE></BA_STATE><BA_PIN_CODE></BA_PIN_CODE><BA_PARTNER_REPEAT_COUNT></BA_PARTNER_REPEAT_COUNT><BA_TELECOM_CIRCLE>Andhra Pradesh</BA_TELECOM_CIRCLE><BA_LANG_CODE>8,2,1</BA_LANG_CODE><BA_DEFAULT_LANGUAGE>English</BA_DEFAULT_LANGUAGE></BA_ROOT><TBLCALLDETAIL><FLDCALLDETAILID>532821</FLDCALLDETAILID><FLDUUID>0252JELG9C9ST31Q7C0182LAES005RAV</FLDUUID><FLDCONNECTIONID>0252JELG9C9ST31Q7C0182LAES005RAV</FLDCONNECTIONID><FLDSESSIONID>8D565000-3404-C8C4-1DC0-6970B875AEC5;gvp.rm.datanodes=2|1;gvp.rm.tenant-id=101_CCT_PartnerIVR_V1.0</FLDSESSIONID><FLDCLI>9538269996</FLDCLI><FLDDNIS>49432201</FLDDNIS><FLDCALLTYPEID>0</FLDCALLTYPEID><FLDCALLSTARTTIME>2014-08-01 20:16:54.8071</FLDCALLSTARTTIME><FLDCALLENDTIME>2014-08-01 20:16:54.8071</FLDCALLENDTIME><FLDLANGUAGESELECTED></FLDLANGUAGESELECTED><FLDSUBSCRIBERID></FLDSUBSCRIBERID><FLDSUBIDLIST></FLDSUBIDLIST><FLDCALLERTYPE></FLDCALLERTYPE><FLDSUBSCRIBERSEGMENT></FLDSUBSCRIBERSEGMENT><FLDCALLDISCONNECTEDBY></FLDCALLDISCONNECTEDBY><FLDCALLDISCONNECTREASON></FLDCALLDISCONNECTREASON><FLDLASTTRAVERSEDCALLFLOWDETAILID></FLDLASTTRAVERSEDCALLFLOWDETAILID><FLDTRANSFERSTATUS></FLDTRANSFERSTATUS><FLDTRANSFERFAILUREREASON></FLDTRANSFERFAILUREREASON><FLDTRANSFERTO></FLDTRANSFERTO><FLDACCOUNTSTATUS></FLDACCOUNTSTATUS><FLDACCOUNTSUBSTATUS></FLDACCOUNTSUBSTATUS><FLDSUBIDCOUNT></FLDSUBIDCOUNT><FLDNONRMNIDENTIFIER></FLDNONRMNIDENTIFIER><FLDSUBIDVALIDATED></FLDSUBIDVALIDATED><FLDAPPID>5</FLDAPPID></TBLCALLDETAIL><CTIROOT><CTILASTMENU>0</CTILASTMENU><CTIDESK>DEF</CTIDESK><CTIVAG>BLR</CTIVAG><CTIVQ>BLR</CTIVQ></CTIROOT><TRANSACTIONROOT>0</TRANSACTIONROOT><PGTRANSACTIONROOT>0</PGTRANSACTIONROOT></ROOT>

[2014-08-01 20:16:55.5741] [callDetailId: ] INFO: Retrieve Language Details output = LZ_CurrentLanguage:  LZ_CallFlowDetailXML : <ROOT><BA_ROOT><BA_APP_LANGUAGE>en-IN</BA_APP_LANGUAGE><BA_SELECTED_LANGUAGE></BA_SELECTED_LANGUAGE><BA_CALLER_TYPE>NonPartner</BA_CALLER_TYPE><BA_PARTNER_TYPE></BA_PARTNER_TYPE><BA_PARTNER_ID></BA_PARTNER_ID><BA_PRIMARY_LANGUAGE></BA_PRIMARY_LANGUAGE><BA_PARTNER_ACCOUNT_STATUS></BA_PARTNER_ACCOUNT_STATUS><BA_STATE></BA_STATE><BA_PIN_CODE></BA_PIN_CODE><BA_PARTNER_REPEAT_COUNT></BA_PARTNER_REPEAT_COUNT><BA_DEFAULT_LANGUAGE>English</BA_DEFAULT_LANGUAGE><BA_PARTNER_TYPE></BA_PARTNER_TYPE><BA_PARTNER_ID></BA_PARTNER_ID><BA_PRIMARY_LANGUAGE></BA_PRIMARY_LANGUAGE><BA_PARTNER_ACCOUNT_STATUS></BA_PARTNER_ACCOUNT_STATUS><BA_STATE></BA_STATE><BA_PIN_CODE></BA_PIN_CODE><BA_PARTNER_REPEAT_COUNT></BA_PARTNER_REPEAT_COUNT><BA_TELECOM_CIRCLE>Andhra Pradesh</BA_TELECOM_CIRCLE><BA_LANG_CODE>8,2,1</BA_LANG_CODE><BA_DEFAULT_LANGUAGE>English</BA_DEFAULT_LANGUAGE></BA_ROOT><TBLCALLDETAIL><FLDCALLDETAILID>532821</FLDCALLDETAILID><FLDUUID>0252JELG9C9ST31Q7C0182LAES005RAV</FLDUUID><FLDCONNECTIONID>0252JELG9C9ST31Q7C0182LAES005RAV</FLDCONNECTIONID><FLDSESSIONID>8D565000-3404-C8C4-1DC0-6970B875AEC5;gvp.rm.datanodes=2|1;gvp.rm.tenant-id=101_CCT_PartnerIVR_V1.0</FLDSESSIONID><FLDCLI>9538269996</FLDCLI><FLDDNIS>49432201</FLDDNIS><FLDCALLTYPEID>0</FLDCALLTYPEID><FLDCALLSTARTTIME>2014-08-01 20:16:54.8071</FLDCALLSTARTTIME><FLDCALLENDTIME>2014-08-01 20:16:54.8071</FLDCALLENDTIME><FLDLANGUAGESELECTED></FLDLANGUAGESELECTED><FLDSUBSCRIBERID></FLDSUBSCRIBERID><FLDSUBIDLIST></FLDSUBIDLIST><FLDCALLERTYPE></FLDCALLERTYPE><FLDSUBSCRIBERSEGMENT></FLDSUBSCRIBERSEGMENT><FLDCALLDISCONNECTEDBY></FLDCALLDISCONNECTEDBY><FLDCALLDISCONNECTREASON></FLDCALLDISCONNECTREASON><FLDLASTTRAVERSEDCALLFLOWDETAILID></FLDLASTTRAVERSEDCALLFLOWDETAILID><FLDTRANSFERSTATUS></FLDTRANSFERSTATUS><FLDTRANSFERFAILUREREASON></FLDTRANSFERFAILUREREASON><FLDTRANSFERTO></FLDTRANSFERTO><FLDACCOUNTSTATUS></FLDACCOUNTSTATUS><FLDACCOUNTSUBSTATUS></FLDACCOUNTSUBSTATUS><FLDSUBIDCOUNT></FLDSUBIDCOUNT><FLDNONRMNIDENTIFIER></FLDNONRMNIDENTIFIER><FLDSUBIDVALIDATED></FLDSUBIDVALIDATED><FLDAPPID>5</FLDAPPID></TBLCALLDETAIL><CTIROOT><CTILASTMENU>0</CTILASTMENU><CTIDESK>DEF</CTIDESK><CTIVAG>BLR</CTIVAG><CTIVQ>BLR</CTIVQ></CTIROOT><TRANSACTIONROOT>0</TRANSACTIONROOT><PGTRANSACTIONROOT>0</PGTRANSACTIONROOT></ROOT>

[2014-08-01 20:16:55.9481] [callDetailId: ] INFO:  RetrieveWelcomeDetails Input 

[2014-08-01 20:16:55.9511] [callDetailId: ] INFO:  RetrieveWelcomeDetails Output =  LZ_TimePhase : Evening LZ_BACallerType NonPartner LZ_BABrandGreetFlag : Y LZ_BASeasonalGreetFlag : Y

[2014-08-01 20:16:55.9711] [callDetailId: 532821] INFO:  RetrieveRuleResult Input = LZ_CallFlowID : 11001 LZ_BAString : TIME_GREET_FLAG LZ_BAValueString : Evening

[2014-08-01 20:16:55.9721] [callDetailId: 532821] DEBUG:  Evaluate Call Flow Expression cfID : 11001 baArray : [Ljava.lang.String;@35e4d41a baValues : [Ljava.lang.String;@4221129a

[2014-08-01 20:16:55.9731] [callDetailId: 532821] DEBUG:  CallFlowID : 11001 Get Code : MS Get Action : 3,20003 Get Rule Id : 10002 Get Rule Description : n

[2014-08-01 20:16:55.9741] [callDetailId: 532821] DEBUG: Getting DB Connection BLRIVRPRDB

[2014-08-01 20:16:55.9771] [callDetailId: 532821] DEBUG: Created Database Connection Count : 3

[2014-08-01 20:16:55.9901] [callDetailId: 532821] DEBUG: Already Closed DB Connection

[2014-08-01 20:16:55.9901] [callDetailId: 532821] INFO:  strRuleActionResult[0] : MS,1003.wav,1006.wav strRuleActionResult[1] : MS,1,1

[2014-08-01 20:16:55.9911] [callDetailId: 532821] INFO:  RetrieveRuleResult Output = LZ_PromptList : 1003.wav,1006.wav LZ_RoutePoint :  LZ_CallFlowIDList : 1,1 LZ_RuleID : 10002 LZ_RuleDesc : n

[2014-08-01 20:16:56.0171] [callDetailId: 532821] INFO:  CreateDynamicCallFlow Input = LZ_CallFlowType : Prompt LZ_PromptList : 1,1 LZ_RuleID : 10002 LZ_RuleDescription : n

[2014-08-01 20:16:56.0171] [callDetailId: 532821] INFO:  CreateDynamicCallFlow Output = LZ_DynamicCallFlowXML : <CallFlow CDID="532821" RuleID="10002" RuleDesc="n"><Prompt CFID="1">1003.wav</Prompt><Prompt CFID="1">1006.wav</Prompt></CallFlow>

[2014-08-01 20:16:56.3471] [callDetailId: 532821] INFO:  RetrieveDynamicCallFlow Input = LZ_DynamicCallFlowXML : <CallFlow CDID="532821" RuleID="10002" RuleDesc="n"><Prompt CFID="1">1003.wav</Prompt><Prompt CFID="1">1006.wav</Prompt></CallFlow>

[2014-08-01 20:16:56.3481] [callDetailId: 532821] INFO:  RetrieveDynamicCallFlow Output = LZ_PromptList : 1003.wav,1006.wav LZ_MenuList :  LZ_MenuOptionList :  LZ_MenuOptionPromptList :  LZ_MenuCallFlowIDList :  LZ_CallFlowID : 1 LZ_CallFlowDateTime : 2014-08-01 20:16:56.347 LZ_RuleID : 10002 LZ_AppLanguage : en-IN LZ_RuleDescription : n

[2014-08-01 20:16:56.4851] [callDetailId: 532821] INFO:  RetrieveDynamicCallFlowResult Input = LZ_CallFlowID : 1 LZ_NoOfAttempts : 1 LZ_tempAttempts : 1 LZ_RuleID : 10002 LZ_RuleDescription : n LZ_InputValue : ,NoInput,NoInput

[2014-08-01 20:16:56.4851] [callDetailId: 532821] WARN:  RetrieveDynamicCallFlowResult For Loop Error.................... 3

[2014-08-01 20:16:56.4861] [callDetailId: 532821] INFO:  RetrieveDynamicCallFlowResult Output 

[2014-08-01 20:16:59.1461] [callDetailId: 532821] INFO:  RetrieveRuleResult Input = LZ_CallFlowID : 11002 LZ_BAString : CALLER_TYPE,BRAND_GREET_FLAG LZ_BAValueString : NonPartner,Y

[2014-08-01 20:16:59.1471] [callDetailId: 532821] DEBUG:  Evaluate Call Flow Expression cfID : 11002 baArray : [Ljava.lang.String;@60426de baValues : [Ljava.lang.String;@7a93bbe7

[2014-08-01 20:16:59.1481] [callDetailId: 532821] INFO:  RetrieveRuleResult Output = LZ_PromptList :  LZ_RoutePoint :  LZ_CallFlowIDList :  LZ_RuleID :  LZ_RuleDesc : 

[2014-08-01 20:16:59.1721] [callDetailId: 532821] INFO:  RetrieveRuleResult Input = LZ_CallFlowID : 11003 LZ_BAString : CALLER_TYPE,SEASONAL_GREET_FLAG LZ_BAValueString : NonPartner,Y

[2014-08-01 20:16:59.1731] [callDetailId: 532821] DEBUG:  Evaluate Call Flow Expression cfID : 11003 baArray : [Ljava.lang.String;@7915798f baValues : [Ljava.lang.String;@70dfd963

[2014-08-01 20:16:59.1741] [callDetailId: 532821] INFO:  RetrieveRuleResult Output = LZ_PromptList :  LZ_RoutePoint :  LZ_CallFlowIDList :  LZ_RuleID :  LZ_RuleDesc : 

[2014-08-01 20:16:59.5081] [callDetailId: ] ERROR:  RetrieveCallerDetails INPUT : LZ_CallFlowDetailXML : <ROOT><BA_ROOT><BA_APP_LANGUAGE>en-IN</BA_APP_LANGUAGE><BA_SELECTED_LANGUAGE></BA_SELECTED_LANGUAGE><BA_CALLER_TYPE>NonPartner</BA_CALLER_TYPE><BA_PARTNER_TYPE></BA_PARTNER_TYPE><BA_PARTNER_ID></BA_PARTNER_ID><BA_PRIMARY_LANGUAGE></BA_PRIMARY_LANGUAGE><BA_PARTNER_ACCOUNT_STATUS></BA_PARTNER_ACCOUNT_STATUS><BA_STATE></BA_STATE><BA_PIN_CODE></BA_PIN_CODE><BA_PARTNER_REPEAT_COUNT></BA_PARTNER_REPEAT_COUNT><BA_DEFAULT_LANGUAGE>English</BA_DEFAULT_LANGUAGE><BA_PARTNER_TYPE></BA_PARTNER_TYPE><BA_PARTNER_ID></BA_PARTNER_ID><BA_PRIMARY_LANGUAGE></BA_PRIMARY_LANGUAGE><BA_PARTNER_ACCOUNT_STATUS></BA_PARTNER_ACCOUNT_STATUS><BA_STATE></BA_STATE><BA_PIN_CODE></BA_PIN_CODE><BA_PARTNER_REPEAT_COUNT></BA_PARTNER_REPEAT_COUNT><BA_TELECOM_CIRCLE>Andhra Pradesh</BA_TELECOM_CIRCLE><BA_LANG_CODE>8,2,1</BA_LANG_CODE><BA_DEFAULT_LANGUAGE>English</BA_DEFAULT_LANGUAGE></BA_ROOT><TBLCALLDETAIL><FLDCALLDETAILID>532821</FLDCALLDETAILID><FLDUUID>0252JELG9C9ST31Q7C0182LAES005RAV</FLDUUID><FLDCONNECTIONID>0252JELG9C9ST31Q7C0182LAES005RAV</FLDCONNECTIONID><FLDSESSIONID>8D565000-3404-C8C4-1DC0-6970B875AEC5;gvp.rm.datanodes=2|1;gvp.rm.tenant-id=101_CCT_PartnerIVR_V1.0</FLDSESSIONID><FLDCLI>9538269996</FLDCLI><FLDDNIS>49432201</FLDDNIS><FLDCALLTYPEID>0</FLDCALLTYPEID><FLDCALLSTARTTIME>2014-08-01 20:16:54.8071</FLDCALLSTARTTIME><FLDCALLENDTIME>2014-08-01 20:16:54.8071</FLDCALLENDTIME><FLDLANGUAGESELECTED></FLDLANGUAGESELECTED><FLDSUBSCRIBERID></FLDSUBSCRIBERID><FLDSUBIDLIST></FLDSUBIDLIST><FLDCALLERTYPE></FLDCALLERTYPE><FLDSUBSCRIBERSEGMENT></FLDSUBSCRIBERSEGMENT><FLDCALLDISCONNECTEDBY></FLDCALLDISCONNECTEDBY><FLDCALLDISCONNECTREASON></FLDCALLDISCONNECTREASON><FLDLASTTRAVERSEDCALLFLOWDETAILID></FLDLASTTRAVERSEDCALLFLOWDETAILID><FLDTRANSFERSTATUS></FLDTRANSFERSTATUS><FLDTRANSFERFAILUREREASON></FLDTRANSFERFAILUREREASON><FLDTRANSFERTO></FLDTRANSFERTO><FLDACCOUNTSTATUS></FLDACCOUNTSTATUS><FLDACCOUNTSUBSTATUS></FLDACCOUNTSUBSTATUS><FLDSUBIDCOUNT></FLDSUBIDCOUNT><FLDNONRMNIDENTIFIER></FLDNONRMNIDENTIFIER><FLDSUBIDVALIDATED></FLDSUBIDVALIDATED><FLDAPPID>5</FLDAPPID></TBLCALLDETAIL><CTIROOT><CTILASTMENU>901</CTILASTMENU><CTIDESK>DEF</CTIDESK><CTIVAG>BLR</CTIVAG><CTIVQ>BLR</CTIVQ></CTIROOT><TRANSACTIONROOT>0</TRANSACTIONROOT><PGTRANSACTIONROOT>0</PGTRANSACTIONROOT><TBLCALLFLOWDETAIL><FLDCALLDETAILID>532821</FLDCALLDETAILID><FLDCALLFLOWID>1</FLDCALLFLOWID><FLDCALLFLOWDATETIME>2014-08-01 20:16:56.347</FLDCALLFLOWDATETIME><FLDCALLFLOWFIRSTINPUTSTARTDATETIME></FLDCALLFLOWFIRSTINPUTSTARTDATETIME><FLDCALLFLOWFIRSTINPUTENDDATETIME></FLDCALLFLOWFIRSTINPUTENDDATETIME><FLDFIRSTINPUTID>901</FLDFIRSTINPUTID><FLDFIRSTINPUTVALUE>NoInput</FLDFIRSTINPUTVALUE><FLDCALLFLOWSECONDINPUTSTARTDATETIME></FLDCALLFLOWSECONDINPUTSTARTDATETIME><FLDCALLFLOWSECONDINPUTENDDATETIME></FLDCALLFLOWSECONDINPUTENDDATETIME><FLDSECONDINPUTID>901</FLDSECONDINPUTID><FLDSECONDINPUTVALUE>NoInput</FLDSECONDINPUTVALUE><FLDCALLFLOWTHIRDINPUTSTARTDATETIME></FLDCALLFLOWTHIRDINPUTSTARTDATETIME><FLDCALLFLOWTHIRDINPUTENDDATETIME></FLDCALLFLOWTHIRDINPUTENDDATETIME><FLDTHIRDINPUTID></FLDTHIRDINPUTID><FLDTHIRDINPUTVALUE></FLDTHIRDINPUTVALUE><FLDNOOFATTEMPTS>1</FLDNOOFATTEMPTS><FLDRULEID>10002</FLDRULEID><FLDISSUCCESS>Y</FLDISSUCCESS><FLDRULEDESC>n</FLDRULEDESC></TBLCALLFLOWDETAIL></ROOT>

[2014-08-01 20:16:59.5111] [callDetailId: ] ERROR:  RetrieveCallerDetails OUTPUT : BA_CALLER_TYPE : NonPartner BA_PARTNER_ACCOUNT_STATUS :  BA_SELECTED_LANGUAGE :  LZ_BAPrimary_Language :

[2014-08-01 20:16:59.8481] [callDetailId: 532821] INFO:  RetrieveDynamicCallFlow Input = LZ_DynamicCallFlowXML : <CallFlow CDID="532821" RuleID=""><Prompt CFID="11019">5020.wav</Prompt><Menu CFID="910">7030.wav</Menu></CallFlow>

[2014-08-01 20:16:59.8491] [callDetailId: 532821] INFO:  RetrieveDynamicCallFlow Output = LZ_PromptList : 5020.wav LZ_MenuList : 7220.wav,7030.wav LZ_MenuOptionList : ,# LZ_MenuOptionPromptList : 7220.wav,7011.wav LZ_MenuCallFlowIDList : ,910 LZ_CallFlowID : 11019 LZ_CallFlowDateTime : 2014-08-01 20:16:59.848 LZ_RuleID :  LZ_AppLanguage : en-IN LZ_RuleDescription : 

[2014-08-01 20:17:05.6481] [callDetailId: 532821] INFO:  RetrieveDynamicCallFlowResult Input = LZ_CallFlowID : 11019 LZ_NoOfAttempts : 1 LZ_tempAttempts : 1 LZ_RuleID :  LZ_RuleDescription :  LZ_InputValue : 

[2014-08-01 20:17:05.6491] [callDetailId: 532821] WARN:  RetrieveDynamicCallFlowResult For Loop Error.................... 2

[2014-08-01 20:17:05.6501] [callDetailId: 532821] INFO:  RetrieveDynamicCallFlowResult Output 

[2014-08-01 20:17:06.2981] [callDetailId: 532821] INFO:  RetrieveDynamicCallFlow Input = LZ_DynamicCallFlowXML : <CallFlow CDID="532821" RuleID=""><Prompt CFID="99">3305.wav</Prompt></CallFlow>

[2014-08-01 20:17:06.2991] [callDetailId: 532821] INFO:  RetrieveDynamicCallFlow Output = LZ_PromptList : 3305.wav LZ_MenuList :  LZ_MenuOptionList :  LZ_MenuOptionPromptList :  LZ_MenuCallFlowIDList :  LZ_CallFlowID : 99 LZ_CallFlowDateTime : 2014-08-01 20:17:06.298 LZ_RuleID :  LZ_AppLanguage : en-IN LZ_RuleDescription : 

[2014-08-01 20:17:06.3731] [callDetailId: 532821] INFO:  RetrieveDynamicCallFlowResult Input = LZ_CallFlowID : 99 LZ_NoOfAttempts : 1 LZ_tempAttempts : 1 LZ_RuleID :  LZ_RuleDescription :  LZ_InputValue : 

[2014-08-01 20:17:06.3741] [callDetailId: 532821] INFO:  RetrieveDynamicCallFlowResult Output 

[2014-08-01 20:17:06.4021] [callDetailId: 532821] INFO:  SetDisconnectDetails Input 

[2014-08-01 20:17:06.4081] [callDetailId: 532821] INFO:  Update Call Detail Callendtime : 2014-08-01 20:17:06.4081 Languageselected :  Subscriberid :  Subidlist :  Callertype :  Subscribersegment :  Calldisconnectedby : IVR Calldisconnectreason :  Lasttraversedcfdid : 11019 Transferstatus :  Transferfailurereason :  Transferto :  accountStatus :  accountSubStatus :  subIdCount :  nonRmnIdEntifier :  subIdValiDated  cli 9538269996 First Promt Play Time 2014-08-01 20:16:56.347 IVR Exit 

[2014-08-01 20:17:06.4091] [callDetailId: 532821] DEBUG: Getting DB Connection BLRIVRPRDB

[2014-08-01 20:17:06.4131] [callDetailId: 532821] DEBUG: Created Database Connection Count : 3

[2014-08-01 20:17:06.4201] [callDetailId: 532821] DEBUG: Already Closed DB Connection

[2014-08-01 20:17:06.4201] [callDetailId: 532821] INFO:  Update Call Detail Status 1

[2014-08-01 20:17:06.4211] [callDetailId: 532821] INFO:  Call Flow Detail XML Successfully Written to File : 532821

[2014-08-01 20:17:06.4211] [callDetailId: 532821] INFO:  SetDisconnectDetails output 

